#
# There is insufficient memory for the Java Runtime Environment to continue.
# Native memory allocation (mmap) failed to map 65536 bytes for Failed to commit metaspace.
# Possible reasons:
#   The system is out of physical RAM or swap space
#   The process is running with CompressedOops enabled, and the Java Heap may be blocking the growth of the native heap
# Possible solutions:
#   Reduce memory load on the system
#   Increase physical memory or swap space
#   Check if swap backing store is full
#   Decrease Java heap size (-Xmx/-Xms)
#   Decrease number of Java threads
#   Decrease Java thread stack sizes (-Xss)
#   Set larger code cache with -XX:ReservedCodeCacheSize=
#   JVM is running with Unscaled Compressed Oops mode in which the Java heap is
#     placed in the first 4GB address space. The Java Heap base address is the
#     maximum limit for the native heap growth. Please use -XX:HeapBaseMinAddress
#     to set the Java Heap base and to place the Java Heap above 4GB virtual address.
# This output file may be truncated or incomplete.
#
#  Out of Memory Error (virtualSpaceNode.cpp:110), pid=12444, tid=17176
#
# JRE version: OpenJDK Runtime Environment Temurin-17.0.10+7 (17.0.10+7) (build 17.0.10+7)
# Java VM: OpenJDK 64-Bit Server VM Temurin-17.0.10+7 (17.0.10+7, mixed mode, tiered, compressed oops, compressed class ptrs, parallel gc, windows-amd64)
# No core dump will be written. Minidumps are not enabled by default on client versions of Windows
#

---------------  S U M M A R Y ------------

Command Line: --add-modules=ALL-SYSTEM --add-opens=java.base/java.util=ALL-UNNAMED --add-opens=java.base/java.lang=ALL-UNNAMED --add-opens=java.base/sun.nio.fs=ALL-UNNAMED -Declipse.application=org.eclipse.jdt.ls.core.id1 -Dosgi.bundles.defaultStartLevel=4 -Declipse.product=org.eclipse.jdt.ls.core.product -Djava.import.generatesMetadataFilesAtProjectRoot=false -DDetectVMInstallationsJob.disabled=true -Dfile.encoding=utf8 -XX:+UseParallelGC -XX:GCTimeRatio=4 -XX:AdaptiveSizePolicyWeight=90 -Dsun.zip.disableMemoryMapping=true -Xmx1G -Xms100m -Xlog:disable -javaagent:c:\Users\hp\.vscode\extensions\redhat.java-1.28.1-win32-x64\lombok\lombok-1.18.31.jar c:\Users\hp\.vscode\extensions\redhat.java-1.28.1-win32-x64\server\plugins\org.eclipse.equinox.launcher_1.6.700.v20231214-2017.jar -configuration c:\Users\hp\AppData\Roaming\Code\User\globalStorage\redhat.java\1.28.1\config_ss_win -data c:\Users\hp\AppData\Roaming\Code\User\workspaceStorage\fa0451a4dbca9b00d63605a96d92e67f\redhat.java\ss_ws --stdio

Host: 11th Gen Intel(R) Core(TM) i5-1135G7 @ 2.40GHz, 8 cores, 15G,  Windows 10 , 64 bit Build 19041 (10.0.19041.3636)
Time: Fri Mar 29 14:40:36 2024 Maroc elapsed time: 0.094554 seconds (0d 0h 0m 0s)

---------------  T H R E A D  ---------------

Current thread (0x000001b347d151c0):  JavaThread "main" [_thread_in_vm, id=17176, stack(0x000000a4ca500000,0x000000a4ca600000)]

Stack: [0x000000a4ca500000,0x000000a4ca600000]
Native frames: (J=compiled Java code, j=interpreted, Vv=VM code, C=native code)
V  [jvm.dll+0x67d2c9]
V  [jvm.dll+0x834afa]
V  [jvm.dll+0x8365be]
V  [jvm.dll+0x836c23]
V  [jvm.dll+0x2477ff]
V  [jvm.dll+0x8307bb]
V  [jvm.dll+0x621d16]
V  [jvm.dll+0x621d7a]
V  [jvm.dll+0x6245aa]
V  [jvm.dll+0x6226b6]
V  [jvm.dll+0x62c5a7]
V  [jvm.dll+0x1eb80b]
V  [jvm.dll+0x1ebd45]
V  [jvm.dll+0x1ec800]
V  [jvm.dll+0x1e1c01]
V  [jvm.dll+0x5427ce]
V  [jvm.dll+0x1f2647]
V  [jvm.dll+0x7adf9b]
V  [jvm.dll+0x7af36c]
V  [jvm.dll+0x7af6b8]
V  [jvm.dll+0x23face]
V  [jvm.dll+0x23fd1f]
V  [jvm.dll+0x560aa8]
V  [jvm.dll+0x5639a7]
V  [jvm.dll+0x386672]
V  [jvm.dll+0x385cdf]
C  0x000001b351ef9ca3

The last pc belongs to invokestatic (printed below).
Java frames: (J=compiled Java code, j=interpreted, Vv=VM code)
j  jdk.internal.ref.CleanerFactory$1.newThread(Ljava/lang/Runnable;)Ljava/lang/Thread;+5 java.base@17.0.10
j  jdk.internal.ref.CleanerImpl.start(Ljava/lang/ref/Cleaner;Ljava/util/concurrent/ThreadFactory;)V+37 java.base@17.0.10
j  java.lang.ref.Cleaner.create(Ljava/util/concurrent/ThreadFactory;)Ljava/lang/ref/Cleaner;+21 java.base@17.0.10
j  jdk.internal.ref.CleanerFactory.<clinit>()V+7 java.base@17.0.10
v  ~StubRoutines::call_stub
j  java.lang.invoke.MethodHandleNatives$CallSiteContext.make(Ljava/lang/invoke/CallSite;)Ljava/lang/invoke/MethodHandleNatives$CallSiteContext;+8 java.base@17.0.10
j  java.lang.invoke.CallSite.<init>(Ljava/lang/invoke/MethodHandle;)V+6 java.base@17.0.10
j  java.lang.invoke.ConstantCallSite.<init>(Ljava/lang/invoke/MethodHandle;)V+2 java.base@17.0.10
j  java.lang.invoke.InnerClassLambdaMetafactory.buildCallSite()Ljava/lang/invoke/CallSite;+146 java.base@17.0.10
j  java.lang.invoke.LambdaMetafactory.metafactory(Ljava/lang/invoke/MethodHandles$Lookup;Ljava/lang/String;Ljava/lang/invoke/MethodType;Ljava/lang/invoke/MethodType;Ljava/lang/invoke/MethodHandle;Ljava/lang/invoke/MethodType;)Ljava/lang/invoke/CallSite;+67 java.base@17.0.10
j  java.lang.invoke.DirectMethodHandle$Holder.invokeStatic(Ljava/lang/Object;Ljava/lang/Object;Ljava/lang/Object;Ljava/lang/Object;Ljava/lang/Object;Ljava/lang/Object;Ljava/lang/Object;)Ljava/lang/Object;+20 java.base@17.0.10
j  java.lang.invoke.Invokers$Holder.invokeExact_MT(Ljava/lang/Object;Ljava/lang/Object;Ljava/lang/Object;Ljava/lang/Object;Ljava/lang/Object;Ljava/lang/Object;Ljava/lang/Object;Ljava/lang/Object;)Ljava/lang/Object;+28 java.base@17.0.10
j  java.lang.invoke.BootstrapMethodInvoker.invoke(Ljava/lang/Class;Ljava/lang/invoke/MethodHandle;Ljava/lang/String;Ljava/lang/Object;Ljava/lang/Object;Ljava/lang/Class;)Ljava/lang/Object;+319 java.base@17.0.10
j  java.lang.invoke.CallSite.makeSite(Ljava/lang/invoke/MethodHandle;Ljava/lang/String;Ljava/lang/invoke/MethodType;Ljava/lang/Object;Ljava/lang/Class;)Ljava/lang/invoke/CallSite;+8 java.base@17.0.10
j  java.lang.invoke.MethodHandleNatives.linkCallSiteImpl(Ljava/lang/Class;Ljava/lang/invoke/MethodHandle;Ljava/lang/String;Ljava/lang/invoke/MethodType;Ljava/lang/Object;[Ljava/lang/Object;)Ljava/lang/invoke/MemberName;+6 java.base@17.0.10
j  java.lang.invoke.MethodHandleNatives.linkCallSite(Ljava/lang/Object;ILjava/lang/Object;Ljava/lang/Object;Ljava/lang/Object;Ljava/lang/Object;[Ljava/lang/Object;)Ljava/lang/invoke/MemberName;+46 java.base@17.0.10
v  ~StubRoutines::call_stub
j  jdk.internal.module.DefaultRoots.compute(Ljava/lang/module/ModuleFinder;Ljava/lang/module/ModuleFinder;)Ljava/util/Set;+11 java.base@17.0.10
j  jdk.internal.module.ModuleBootstrap.boot2()Ljava/lang/ModuleLayer;+727 java.base@17.0.10
j  jdk.internal.module.ModuleBootstrap.boot()Ljava/lang/ModuleLayer;+64 java.base@17.0.10
j  java.lang.System.initPhase2(ZZ)I+0 java.base@17.0.10
v  ~StubRoutines::call_stub
invokestatic  184 invokestatic  [0x000001b351ef9c00, 0x000001b351ef9ec0]  704 bytes
[MachCode]
  0x000001b351ef9c00: 4883 ec08 | c5fa 1104 | 24eb 1f48 | 83ec 10c5 | fb11 0424 | eb14 4883 | ec10 4889 | 0424 48c7 
  0x000001b351ef9c20: 4424 0800 | 0000 00eb | 0150 4c89 | 6dc0 410f | b755 0148 | 8b4d d0c1 | e202 8b5c | d120 c1eb 
  0x000001b351ef9c40: 1081 e3ff | 0000 0081 | fbb8 0000 | 000f 84b6 | 0000 00bb | b800 0000 | e805 0000 | 00e9 9b00 
  0x000001b351ef9c60: 0000 488b | d348 8d44 | 2408 4c89 | 6dc0 498b | cfc5 f877 | 4989 afa8 | 0200 0049 | 8987 9802 
  0x000001b351ef9c80: 0000 4883 | ec20 f7c4 | 0f00 0000 | 0f84 1a00 | 0000 4883 | ec08 49ba | 705c b94f | fa7f 0000 
  0x000001b351ef9ca0: 41ff d248 | 83c4 08e9 | 0d00 0000 | 49ba 705c | b94f fa7f | 0000 41ff | d248 83c4 | 2049 c787 
  0x000001b351ef9cc0: 9802 0000 | 0000 0000 | 49c7 87a8 | 0200 0000 | 0000 0049 | c787 a002 | 0000 0000 | 0000 c5f8 
  0x000001b351ef9ce0: 7749 817f | 0800 0000 | 000f 8405 | 0000 00e9 | 0c72 feff | 4c8b 6dc0 | 4c8b 75c8 | c341 0fb7 
  0x000001b351ef9d00: 5501 488b | 4dd0 c1e2 | 0248 8b5c | d128 488b | 5b08 488b | 5b08 488b | 5b18 80bb | 3301 0000 
  0x000001b351ef9d20: 040f 840d | 0000 004c | 3bbb 3801 | 0000 0f85 | 1fff ffff | 488b 5cd1 | 288b 54d1 | 38c1 ea1c 
  0x000001b351ef9d40: 49ba a060 | 3b50 fa7f | 0000 498b | 14d2 5248 | 8b45 d848 | 85c0 0f84 | 1200 0000 | 4883 4008 
  0x000001b351ef9d60: 0148 8358 | 0800 4883 | c010 4889 | 45d8 488b | 45d8 4885 | c00f 8423 | 0100 0080 | 78f0 0a0f 
  0x000001b351ef9d80: 8519 0100 | 0048 83c0 | 084c 8b68 | f841 83ed | 0041 83fd | 020f 8cf8 | 0000 004c | 8b6b 0845 
  0x000001b351ef9da0: 0fb7 6d2c | 4c2b 2841 | 83ed 014e | 8b6c ec08 | 4d85 ed75 | 0748 8348 | 0801 eb4a | 458b 6d08 
  0x000001b351ef9dc0: 49c1 e503 | 4c33 6808 | 49f7 c5fc | ffff ff74 | 3549 f7c5 | 0200 0000 | 752c 4881 | 7808 0000 
  0x000001b351ef9de0: 0000 741e | 4881 7808 | 0100 0000 | 7414 4c33 | 6808 49f7 | c5fc ffff | ff74 0b48 | 8348 0802 
  0x000001b351ef9e00: eb04 4c89 | 6808 4883 | c010 4c8b | 68e8 4183 | ed02 4183 | fd02 0f8c | 7700 0000 | 4c8b 6b08 
  0x000001b351ef9e20: 450f b76d | 2c4c 2b28 | 4183 ed01 | 4e8b 6cec | 084d 85ed | 7507 4883 | 4808 01eb | 4a45 8b6d 
  0x000001b351ef9e40: 0849 c1e5 | 034c 3368 | 0849 f7c5 | fcff ffff | 7435 49f7 | c502 0000 | 0075 2c48 | 8178 0800 
  0x000001b351ef9e60: 0000 0074 | 1e48 8178 | 0801 0000 | 0074 144c | 3368 0849 | f7c5 fcff | ffff 740b | 4883 4808 
  0x000001b351ef9e80: 02eb 044c | 8968 0848 | 83c0 104c | 8b68 d841 | 83ed 0441 | c1e5 0349 | 03c5 4889 | 45d8 4c8d 
  0x000001b351ef9ea0: 6c24 084c | 896d f0ff | 6350 660f | 1f44 0000 | 0000 0000 | 0000 0000 | 0000 0000 | 0000 0000 
[/MachCode]

---------------  P R O C E S S  ---------------

Threads class SMR info:
_java_thread_list=0x000001b360e4f790, length=10, elements={
0x000001b347d151c0, 0x000001b35bbac600, 0x000001b360e13130, 0x000001b360e257c0,
0x000001b360e26290, 0x000001b360e27f20, 0x000001b360e50930, 0x000001b360e3cf40,
0x000001b360e414f0, 0x000001b347dc8760
}

Java Threads: ( => current thread )
=>0x000001b347d151c0 JavaThread "main" [_thread_in_vm, id=17176, stack(0x000000a4ca500000,0x000000a4ca600000)]
  0x000001b35bbac600 JavaThread "Reference Handler" daemon [_thread_blocked, id=20236, stack(0x000000a4ca800000,0x000000a4ca900000)]
  0x000001b360e13130 JavaThread "Finalizer" daemon [_thread_blocked, id=19508, stack(0x000000a4ca900000,0x000000a4caa00000)]
  0x000001b360e257c0 JavaThread "Signal Dispatcher" daemon [_thread_blocked, id=20892, stack(0x000000a4caa00000,0x000000a4cab00000)]
  0x000001b360e26290 JavaThread "Attach Listener" daemon [_thread_blocked, id=4932, stack(0x000000a4cab00000,0x000000a4cac00000)]
  0x000001b360e27f20 JavaThread "Service Thread" daemon [_thread_blocked, id=12580, stack(0x000000a4cac00000,0x000000a4cad00000)]
  0x000001b360e50930 JavaThread "Monitor Deflation Thread" daemon [_thread_blocked, id=20028, stack(0x000000a4cad00000,0x000000a4cae00000)]
  0x000001b360e3cf40 JavaThread "C2 CompilerThread0" daemon [_thread_blocked, id=7804, stack(0x000000a4cae00000,0x000000a4caf00000)]
  0x000001b360e414f0 JavaThread "C1 CompilerThread0" daemon [_thread_blocked, id=22368, stack(0x000000a4caf00000,0x000000a4cb000000)]
  0x000001b347dc8760 JavaThread "Sweeper thread" daemon [_thread_blocked, id=18664, stack(0x000000a4cb000000,0x000000a4cb100000)]

Other Threads:
  0x000001b347dc6890 VMThread "VM Thread" [stack: 0x000000a4ca700000,0x000000a4ca800000] [id=16308]
  0x000001b347d28c00 GCTaskThread "GC Thread#0" [stack: 0x000000a4ca600000,0x000000a4ca700000] [id=19724]

Threads with active compile tasks:

VM state: not at safepoint (normal execution)

VM Mutex/Monitor currently owned by a thread:  ([mutex/lock_event])
[0x000001b347d0e880] Metaspace_lock - owner thread: 0x000001b347d151c0

Heap address: 0x00000000c0000000, size: 1024 MB, Compressed Oops mode: 32-bit

CDS archive(s) not mapped
Compressed class space mapped at: 0x0000000100000000-0x0000000140000000, reserved size: 1073741824
Narrow klass base: 0x0000000000000000, Narrow klass shift: 3, Narrow klass range: 0x140000000

GC Precious Log:
 CPUs: 8 total, 8 available
 Memory: 16140M
 Large Page Support: Disabled
 NUMA Support: Disabled
 Compressed Oops: Enabled (32-bit)
 Alignments: Space 512K, Generation 512K, Heap 2M
 Heap Min Capacity: 100M
 Heap Initial Capacity: 100M
 Heap Max Capacity: 1G
 Pre-touch: Disabled
 Parallel Workers: 8

Heap:
 PSYoungGen      total 29696K, used 2048K [0x00000000eab00000, 0x00000000ecc00000, 0x0000000100000000)
  eden space 25600K, 8% used [0x00000000eab00000,0x00000000ead001c8,0x00000000ec400000)
  from space 4096K, 0% used [0x00000000ec800000,0x00000000ec800000,0x00000000ecc00000)
  to   space 4096K, 0% used [0x00000000ec400000,0x00000000ec400000,0x00000000ec800000)
 ParOldGen       total 68608K, used 0K [0x00000000c0000000, 0x00000000c4300000, 0x00000000eab00000)
  object space 68608K, 0% used [0x00000000c0000000,0x00000000c0000000,0x00000000c4300000)
 Metaspace       used 3999K, committed 4160K, reserved 1114112K
  class space    used 350K, committed 448K, reserved 1048576K

Card table byte_map: [0x000001b3476d0000,0x000001b3478e0000] _byte_map_base: 0x000001b3470d0000

Marking Bits: (ParMarkBitMap*) 0x00007ffa503ad7d0
 Begin Bits: [0x000001b3599b0000, 0x000001b35a9b0000)
 End Bits:   [0x000001b35a9b0000, 0x000001b35b9b0000)

Polling page: 0x000001b345c20000

Metaspace:

Usage:
  Non-class:      3.56 MB used.
      Class:    350.60 KB used.
       Both:      3.91 MB used.

Virtual space:
  Non-class space:       64.00 MB reserved,       3.62 MB (  6%) committed,  1 nodes.
      Class space:        1.00 GB reserved,     448.00 KB ( <1%) committed,  1 nodes.
             Both:        1.06 GB reserved,       4.06 MB ( <1%) committed. 

Chunk freelists:
   Non-Class:  12.00 MB
       Class:  15.62 MB
        Both:  27.62 MB

MaxMetaspaceSize: unlimited
CompressedClassSpaceSize: 1.00 GB
Initial GC threshold: 21.00 MB
Current GC threshold: 21.00 MB
CDS: off
MetaspaceReclaimPolicy: balanced
 - commit_granule_bytes: 65536.
 - commit_granule_words: 8192.
 - virtual_space_node_default_size: 8388608.
 - enlarge_chunks_in_place: 1.
 - new_chunks_are_fully_committed: 0.
 - uncommit_free_chunks: 1.
 - use_allocation_guard: 0.
 - handle_deallocations: 1.


Internal statistics:

num_allocs_failed_limit: 0.
num_arena_births: 4.
num_arena_deaths: 0.
num_vsnodes_births: 2.
num_vsnodes_deaths: 0.
num_space_committed: 65.
num_space_uncommitted: 0.
num_chunks_returned_to_freelist: 0.
num_chunks_taken_from_freelist: 6.
num_chunk_merges: 0.
num_chunk_splits: 3.
num_chunks_enlarged: 1.
num_inconsistent_stats: 0.

CodeHeap 'non-profiled nmethods': size=120000Kb used=13Kb max_used=13Kb free=119986Kb
 bounds [0x000001b352480000, 0x000001b3526f0000, 0x000001b3599b0000]
CodeHeap 'profiled nmethods': size=120000Kb used=49Kb max_used=49Kb free=119950Kb
 bounds [0x000001b34a9b0000, 0x000001b34ac20000, 0x000001b351ee0000]
CodeHeap 'non-nmethods': size=5760Kb used=1078Kb max_used=1078Kb free=4681Kb
 bounds [0x000001b351ee0000, 0x000001b352150000, 0x000001b352480000]
 total_blobs=382 nmethods=46 adapters=251
 compilation: enabled
              stopped_count=0, restarted_count=0
 full_count=0

Compilation events (20 events):
Event: 0.073 Thread 0x000001b360e414f0   27       3       java.util.concurrent.ConcurrentHashMap::tabAt (22 bytes)
Event: 0.073 Thread 0x000001b360e414f0 nmethod 27 0x000001b34a9b7890 code [0x000001b34a9b7a40, 0x000001b34a9b7cf8]
Event: 0.073 Thread 0x000001b360e414f0   29       3       java.util.ImmutableCollections$SetN$SetNIterator::next (90 bytes)
Event: 0.073 Thread 0x000001b360e414f0 nmethod 29 0x000001b34a9b7e10 code [0x000001b34a9b7fc0, 0x000001b34a9b82e8]
Event: 0.073 Thread 0x000001b360e414f0   28       3       jdk.internal.misc.Unsafe::getReferenceAcquire (7 bytes)
Event: 0.073 Thread 0x000001b360e414f0 nmethod 28 0x000001b34a9b8490 code [0x000001b34a9b8620, 0x000001b34a9b8738]
Event: 0.081 Thread 0x000001b360e414f0   31       1       java.lang.Enum::ordinal (5 bytes)
Event: 0.081 Thread 0x000001b360e414f0 nmethod 31 0x000001b352480f90 code [0x000001b352481120, 0x000001b3524811f8]
Event: 0.081 Thread 0x000001b360e414f0   33       3       java.util.concurrent.ConcurrentHashMap::addCount (279 bytes)
Event: 0.082 Thread 0x000001b360e414f0 nmethod 33 0x000001b34a9b8810 code [0x000001b34a9b8a60, 0x000001b34a9b93e8]
Event: 0.082 Thread 0x000001b360e414f0   36   !   3       java.util.concurrent.ConcurrentHashMap::putVal (433 bytes)
Event: 0.084 Thread 0x000001b360e414f0 nmethod 36 0x000001b34a9b9710 code [0x000001b34a9b9a60, 0x000001b34a9bb368]
Event: 0.084 Thread 0x000001b360e414f0   37       3       java.util.concurrent.ConcurrentHashMap$Node::<init> (20 bytes)
Event: 0.084 Thread 0x000001b360e414f0 nmethod 37 0x000001b34a9bbd10 code [0x000001b34a9bbea0, 0x000001b34a9bc038]
Event: 0.088 Thread 0x000001b360e414f0   42       1       java.lang.Class::getClassLoader0 (5 bytes)
Event: 0.088 Thread 0x000001b360e414f0 nmethod 42 0x000001b352482b90 code [0x000001b352482d20, 0x000001b352482df8]
Event: 0.089 Thread 0x000001b360e414f0   43       3       java.lang.String::isEmpty (14 bytes)
Event: 0.089 Thread 0x000001b360e414f0 nmethod 43 0x000001b34a9bc110 code [0x000001b34a9bc2a0, 0x000001b34a9bc418]
Event: 0.091 Thread 0x000001b360e414f0   46       1       java.lang.invoke.MethodType::returnType (5 bytes)
Event: 0.091 Thread 0x000001b360e414f0 nmethod 46 0x000001b352483490 code [0x000001b352483620, 0x000001b3524836f8]

GC Heap History (0 events):
No events

Dll operation events (1 events):
Event: 0.006 Loaded shared library c:\Users\hp\.vscode\extensions\redhat.java-1.28.1-win32-x64\jre\17.0.10-win32-x86_64\bin\java.dll

Deoptimization events (0 events):
No events

Classes unloaded (0 events):
No events

Classes redefined (0 events):
No events

Internal exceptions (0 events):
No events

VM Operations (0 events):
No events

Events (20 events):
Event: 0.092 loading class jdk/internal/ref/CleanerFactory done
Event: 0.092 loading class jdk/internal/ref/CleanerFactory$1
Event: 0.092 loading class java/util/concurrent/ThreadFactory
Event: 0.092 loading class java/util/concurrent/ThreadFactory done
Event: 0.092 loading class jdk/internal/ref/CleanerFactory$1 done
Event: 0.092 loading class java/lang/ref/Cleaner
Event: 0.092 loading class java/lang/ref/Cleaner done
Event: 0.092 loading class java/lang/ref/Cleaner$1
Event: 0.092 loading class java/lang/ref/Cleaner$1 done
Event: 0.092 loading class jdk/internal/ref/CleanerImpl
Event: 0.092 loading class jdk/internal/ref/CleanerImpl done
Event: 0.092 loading class jdk/internal/ref/CleanerImpl$PhantomCleanableRef
Event: 0.092 loading class jdk/internal/ref/PhantomCleanable
Event: 0.093 loading class java/lang/ref/Cleaner$Cleanable
Event: 0.093 loading class java/lang/ref/Cleaner$Cleanable done
Event: 0.093 loading class jdk/internal/ref/PhantomCleanable done
Event: 0.093 loading class jdk/internal/ref/CleanerImpl$PhantomCleanableRef done
Event: 0.093 loading class jdk/internal/ref/CleanerImpl$CleanerCleanable
Event: 0.093 loading class jdk/internal/ref/CleanerImpl$CleanerCleanable done
Event: 0.093 loading class jdk/internal/misc/InnocuousThread


Dynamic libraries:
0x00007ff789d70000 - 0x00007ff789d7e000 	c:\Users\hp\.vscode\extensions\redhat.java-1.28.1-win32-x64\jre\17.0.10-win32-x86_64\bin\java.exe
0x00007ffae64b0000 - 0x00007ffae66a8000 	C:\WINDOWS\SYSTEM32\ntdll.dll
0x00007ffae57b0000 - 0x00007ffae586d000 	C:\WINDOWS\System32\KERNEL32.DLL
0x00007ffae3df0000 - 0x00007ffae40e6000 	C:\WINDOWS\System32\KERNELBASE.dll
0x00007ffae42b0000 - 0x00007ffae43b0000 	C:\WINDOWS\System32\ucrtbase.dll
0x00007ffac3680000 - 0x00007ffac369b000 	c:\Users\hp\.vscode\extensions\redhat.java-1.28.1-win32-x64\jre\17.0.10-win32-x86_64\bin\VCRUNTIME140.dll
0x00007ffac37c0000 - 0x00007ffac37d7000 	c:\Users\hp\.vscode\extensions\redhat.java-1.28.1-win32-x64\jre\17.0.10-win32-x86_64\bin\jli.dll
0x00007ffae5ea0000 - 0x00007ffae603e000 	C:\WINDOWS\System32\USER32.dll
0x00007ffae3040000 - 0x00007ffae32da000 	C:\WINDOWS\WinSxS\amd64_microsoft.windows.common-controls_6595b64144ccf1df_6.0.19041.3636_none_60b6a03d71f818d5\COMCTL32.dll
0x00007ffae43b0000 - 0x00007ffae43d2000 	C:\WINDOWS\System32\win32u.dll
0x00007ffae5d30000 - 0x00007ffae5dce000 	C:\WINDOWS\System32\msvcrt.dll
0x00007ffae6280000 - 0x00007ffae62ab000 	C:\WINDOWS\System32\GDI32.dll
0x00007ffae4160000 - 0x00007ffae4277000 	C:\WINDOWS\System32\gdi32full.dll
0x00007ffae3bf0000 - 0x00007ffae3c8d000 	C:\WINDOWS\System32\msvcp_win.dll
0x00007ffae5680000 - 0x00007ffae56b2000 	C:\WINDOWS\System32\IMM32.DLL
0x00007ffac5d40000 - 0x00007ffac5d4c000 	c:\Users\hp\.vscode\extensions\redhat.java-1.28.1-win32-x64\jre\17.0.10-win32-x86_64\bin\vcruntime140_1.dll
0x00007ffa98710000 - 0x00007ffa9879d000 	c:\Users\hp\.vscode\extensions\redhat.java-1.28.1-win32-x64\jre\17.0.10-win32-x86_64\bin\msvcp140.dll
0x00007ffa4f810000 - 0x00007ffa50472000 	c:\Users\hp\.vscode\extensions\redhat.java-1.28.1-win32-x64\jre\17.0.10-win32-x86_64\bin\server\jvm.dll
0x00007ffae4cd0000 - 0x00007ffae4d80000 	C:\WINDOWS\System32\ADVAPI32.dll
0x00007ffae63d0000 - 0x00007ffae6470000 	C:\WINDOWS\System32\sechost.dll
0x00007ffae6040000 - 0x00007ffae6165000 	C:\WINDOWS\System32\RPCRT4.dll
0x00007ffae4280000 - 0x00007ffae42a7000 	C:\WINDOWS\System32\bcrypt.dll
0x00007ffac55d0000 - 0x00007ffac55d9000 	C:\WINDOWS\SYSTEM32\WSOCK32.dll
0x00007ffae3760000 - 0x00007ffae37ab000 	C:\WINDOWS\SYSTEM32\POWRPROF.dll
0x00007ffae5950000 - 0x00007ffae59bb000 	C:\WINDOWS\System32\WS2_32.dll
0x00007ffac3e50000 - 0x00007ffac3e77000 	C:\WINDOWS\SYSTEM32\WINMM.dll
0x00007ffadc6b0000 - 0x00007ffadc6ba000 	C:\WINDOWS\SYSTEM32\VERSION.dll
0x00007ffae32e0000 - 0x00007ffae32f2000 	C:\WINDOWS\SYSTEM32\UMPDC.dll
0x00007ffae1d30000 - 0x00007ffae1d42000 	C:\WINDOWS\SYSTEM32\kernel.appcore.dll
0x00007ffac5800000 - 0x00007ffac580a000 	c:\Users\hp\.vscode\extensions\redhat.java-1.28.1-win32-x64\jre\17.0.10-win32-x86_64\bin\jimage.dll
0x00007ffae3570000 - 0x00007ffae3754000 	C:\WINDOWS\SYSTEM32\DBGHELP.DLL
0x00007ffae34b0000 - 0x00007ffae34e4000 	C:\WINDOWS\SYSTEM32\dbgcore.DLL
0x00007ffae3b60000 - 0x00007ffae3be2000 	C:\WINDOWS\System32\bcryptPrimitives.dll
0x00007ffac4f50000 - 0x00007ffac4f5e000 	c:\Users\hp\.vscode\extensions\redhat.java-1.28.1-win32-x64\jre\17.0.10-win32-x86_64\bin\instrument.dll
0x00007ffab2fa0000 - 0x00007ffab2fc5000 	c:\Users\hp\.vscode\extensions\redhat.java-1.28.1-win32-x64\jre\17.0.10-win32-x86_64\bin\java.dll
0x00007ffac35e0000 - 0x00007ffac35f8000 	c:\Users\hp\.vscode\extensions\redhat.java-1.28.1-win32-x64\jre\17.0.10-win32-x86_64\bin\zip.dll
0x00007ffae4d80000 - 0x00007ffae54eb000 	C:\WINDOWS\System32\SHELL32.dll
0x00007ffae1580000 - 0x00007ffae1d1e000 	C:\WINDOWS\SYSTEM32\windows.storage.dll
0x00007ffae59c0000 - 0x00007ffae5d13000 	C:\WINDOWS\System32\combase.dll
0x00007ffae2d50000 - 0x00007ffae2d7e000 	C:\WINDOWS\SYSTEM32\Wldp.dll
0x00007ffae5dd0000 - 0x00007ffae5e9d000 	C:\WINDOWS\System32\OLEAUT32.dll
0x00007ffae6320000 - 0x00007ffae63cd000 	C:\WINDOWS\System32\SHCORE.dll
0x00007ffae6170000 - 0x00007ffae61c5000 	C:\WINDOWS\System32\shlwapi.dll
0x00007ffae3a90000 - 0x00007ffae3ab5000 	C:\WINDOWS\SYSTEM32\profapi.dll

dbghelp: loaded successfully - version: 4.0.5 - missing functions: none
symbol engine: initialized successfully - sym options: 0x614 - pdb path: .;c:\Users\hp\.vscode\extensions\redhat.java-1.28.1-win32-x64\jre\17.0.10-win32-x86_64\bin;C:\WINDOWS\SYSTEM32;C:\WINDOWS\WinSxS\amd64_microsoft.windows.common-controls_6595b64144ccf1df_6.0.19041.3636_none_60b6a03d71f818d5;c:\Users\hp\.vscode\extensions\redhat.java-1.28.1-win32-x64\jre\17.0.10-win32-x86_64\bin\server

VM Arguments:
jvm_args: --add-modules=ALL-SYSTEM --add-opens=java.base/java.util=ALL-UNNAMED --add-opens=java.base/java.lang=ALL-UNNAMED --add-opens=java.base/sun.nio.fs=ALL-UNNAMED -Declipse.application=org.eclipse.jdt.ls.core.id1 -Dosgi.bundles.defaultStartLevel=4 -Declipse.product=org.eclipse.jdt.ls.core.product -Djava.import.generatesMetadataFilesAtProjectRoot=false -DDetectVMInstallationsJob.disabled=true -Dfile.encoding=utf8 -XX:+UseParallelGC -XX:GCTimeRatio=4 -XX:AdaptiveSizePolicyWeight=90 -Dsun.zip.disableMemoryMapping=true -Xmx1G -Xms100m -Xlog:disable -javaagent:c:\Users\hp\.vscode\extensions\redhat.java-1.28.1-win32-x64\lombok\lombok-1.18.31.jar 
java_command: c:\Users\hp\.vscode\extensions\redhat.java-1.28.1-win32-x64\server\plugins\org.eclipse.equinox.launcher_1.6.700.v20231214-2017.jar -configuration c:\Users\hp\AppData\Roaming\Code\User\globalStorage\redhat.java\1.28.1\config_ss_win -data c:\Users\hp\AppData\Roaming\Code\User\workspaceStorage\fa0451a4dbca9b00d63605a96d92e67f\redhat.java\ss_ws --stdio
java_class_path (initial): c:\Users\hp\.vscode\extensions\redhat.java-1.28.1-win32-x64\server\plugins\org.eclipse.equinox.launcher_1.6.700.v20231214-2017.jar
Launcher Type: SUN_STANDARD

[Global flags]
    uintx AdaptiveSizePolicyWeight                 = 90                                        {product} {command line}
     intx CICompilerCount                          = 4                                         {product} {ergonomic}
    uintx GCTimeRatio                              = 4                                         {product} {command line}
   size_t InitialHeapSize                          = 104857600                                 {product} {command line}
   size_t MaxHeapSize                              = 1073741824                                {product} {command line}
   size_t MaxNewSize                               = 357564416                                 {product} {ergonomic}
   size_t MinHeapDeltaBytes                        = 524288                                    {product} {ergonomic}
   size_t MinHeapSize                              = 104857600                                 {product} {command line}
   size_t NewSize                                  = 34603008                                  {product} {ergonomic}
    uintx NonNMethodCodeHeapSize                   = 5839372                                {pd product} {ergonomic}
    uintx NonProfiledCodeHeapSize                  = 122909434                              {pd product} {ergonomic}
   size_t OldSize                                  = 70254592                                  {product} {ergonomic}
    uintx ProfiledCodeHeapSize                     = 122909434                              {pd product} {ergonomic}
    uintx ReservedCodeCacheSize                    = 251658240                              {pd product} {ergonomic}
     bool SegmentedCodeCache                       = true                                      {product} {ergonomic}
   size_t SoftMaxHeapSize                          = 1073741824                             {manageable} {ergonomic}
     bool UseCompressedClassPointers               = true                           {product lp64_product} {ergonomic}
     bool UseCompressedOops                        = true                           {product lp64_product} {ergonomic}
     bool UseLargePagesIndividualAllocation        = false                                  {pd product} {ergonomic}
     bool UseParallelGC                            = true                                      {product} {command line}

Logging:
Log output configuration:
 #0: stdout all=off uptime,level,tags
 #1: stderr all=off uptime,level,tags

Environment Variables:
JAVA_HOME=C:\Program Files\Java\jdk-19
PATH=C:\Program Files\Common Files\Oracle\Java\javapath;C:\app\hp\product\21c\dbhomeXE\bin;C:\Program Files (x86)\Common Files\Oracle\Java\javapath;C:\WINDOWS\system32;C:\WINDOWS;C:\WINDOWS\System32\Wbem;C:\WINDOWS\System32\WindowsPowerShell\v1.0\;C:\WINDOWS\System32\OpenSSH\;C:\ProgramData\chocolatey\bin;C:\Program Files\Git\cmd;C:\Program Files\nodejs\;C:\Users\hp\AppData\Local\Programs\Python\Python311\Scripts\;C:\Users\hp\AppData\Local\Programs\Python\Python311\;C:\Program Files\MySQL\MySQL Shell 8.0\bin\;C:\Users\hp\AppData\Local\Microsoft\WindowsApps;C:\Users\hp\AppData\Local\Programs\Microsoft VS Code\bin;C:\Program Files\JetBrains\IntelliJ IDEA Community Edition 2022.3\bin;;C:\xampp8\php;C:\Users\hp\AppData\Local\ComposerSetup\bin;C:\Users\hp\AppData\Roaming\Composer\vendor\bin;C:\Users\hp\AppData\Local\Programs\MiKTeX\miktex\bin\x64\;C:\Program Files\JetBrains\IntelliJ IDEA 2023.3.4\bin;;C:\Users\hp\AppData\Roaming\npm
USERNAME=hp
OS=Windows_NT
PROCESSOR_IDENTIFIER=Intel64 Family 6 Model 140 Stepping 1, GenuineIntel
TMP=C:\Users\hp\AppData\Local\Temp
TEMP=C:\Users\hp\AppData\Local\Temp



Periodic native trim disabled


---------------  S Y S T E M  ---------------

OS:
 Windows 10 , 64 bit Build 19041 (10.0.19041.3636)
OS uptime: 0 days 17:45 hours

CPU: total 8 (initial active 8) (4 cores per cpu, 2 threads per core) family 6 model 140 stepping 1 microcode 0x86, cx8, cmov, fxsr, ht, mmx, 3dnowpref, sse, sse2, sse3, ssse3, sse4.1, sse4.2, popcnt, lzcnt, tsc, tscinvbit, avx, avx2, aes, erms, clmul, bmi1, bmi2, adx, avx512f, avx512dq, avx512cd, avx512bw, avx512vl, sha, fma, vzeroupper, avx512_vpopcntdq, avx512_vpclmulqdq, avx512_vaes, avx512_vnni, clflush, clflushopt, clwb, avx512_vbmi2, avx512_vbmi
Processor Information for all 8 processors :
  Max Mhz: 2419, Current Mhz: 2419, Mhz Limit: 2419

Memory: 4k page, system-wide physical 16140M (2877M free)
TotalPageFile size 18188M (AvailPageFile size 2M)
current process WorkingSet (physical memory assigned to process): 27M, peak: 27M
current process commit charge ("private bytes"): 182M, peak: 182M

vm_info: OpenJDK 64-Bit Server VM (17.0.10+7) for windows-amd64 JRE (17.0.10+7), built on Jan 16 2024 23:25:11 by "admin" with MS VC++ 16.10 / 16.11 (VS2019)

END.
