#
# There is insufficient memory for the Java Runtime Environment to continue.
# Native memory allocation (malloc) failed to allocate 39360 bytes for Chunk::new
# Possible reasons:
#   The system is out of physical RAM or swap space
#   The process is running with CompressedOops enabled, and the Java Heap may be blocking the growth of the native heap
# Possible solutions:
#   Reduce memory load on the system
#   Increase physical memory or swap space
#   Check if swap backing store is full
#   Decrease Java heap size (-Xmx/-Xms)
#   Decrease number of Java threads
#   Decrease Java thread stack sizes (-Xss)
#   Set larger code cache with -XX:ReservedCodeCacheSize=
#   JVM is running with Unscaled Compressed Oops mode in which the Java heap is
#     placed in the first 4GB address space. The Java Heap base address is the
#     maximum limit for the native heap growth. Please use -XX:HeapBaseMinAddress
#     to set the Java Heap base and to place the Java Heap above 4GB virtual address.
# This output file may be truncated or incomplete.
#
#  Out of Memory Error (arena.cpp:191), pid=5576, tid=10196
#
# JRE version: OpenJDK Runtime Environment Temurin-17.0.10+7 (17.0.10+7) (build 17.0.10+7)
# Java VM: OpenJDK 64-Bit Server VM Temurin-17.0.10+7 (17.0.10+7, mixed mode, tiered, compressed oops, compressed class ptrs, parallel gc, windows-amd64)
# No core dump will be written. Minidumps are not enabled by default on client versions of Windows
#

---------------  S U M M A R Y ------------

Command Line: --add-modules=ALL-SYSTEM --add-opens=java.base/java.util=ALL-UNNAMED --add-opens=java.base/java.lang=ALL-UNNAMED --add-opens=java.base/sun.nio.fs=ALL-UNNAMED -Declipse.application=org.eclipse.jdt.ls.core.id1 -Dosgi.bundles.defaultStartLevel=4 -Declipse.product=org.eclipse.jdt.ls.core.product -Djava.import.generatesMetadataFilesAtProjectRoot=false -DDetectVMInstallationsJob.disabled=true -Dfile.encoding=utf8 -XX:+UseParallelGC -XX:GCTimeRatio=4 -XX:AdaptiveSizePolicyWeight=90 -Dsun.zip.disableMemoryMapping=true -Xmx1G -Xms100m -Xlog:disable -javaagent:c:\Users\hp\.vscode\extensions\redhat.java-1.28.1-win32-x64\lombok\lombok-1.18.31.jar c:\Users\hp\.vscode\extensions\redhat.java-1.28.1-win32-x64\server\plugins\org.eclipse.equinox.launcher_1.6.700.v20231214-2017.jar -configuration c:\Users\hp\AppData\Roaming\Code\User\globalStorage\redhat.java\1.28.1\config_ss_win -data c:\Users\hp\AppData\Roaming\Code\User\workspaceStorage\fa0451a4dbca9b00d63605a96d92e67f\redhat.java\ss_ws --stdio

Host: 11th Gen Intel(R) Core(TM) i5-1135G7 @ 2.40GHz, 8 cores, 15G,  Windows 10 , 64 bit Build 19041 (10.0.19041.3636)
Time: Fri Mar 29 14:40:34 2024 Maroc elapsed time: 4.523947 seconds (0d 0h 0m 4s)

---------------  T H R E A D  ---------------

Current thread (0x000002145bef0a50):  JavaThread "C2 CompilerThread1" daemon [_thread_in_native, id=10196, stack(0x000000d89e900000,0x000000d89ea00000)]


Current CompileTask:
C2:   4524 4194 %     4       org.lombokweb.asm.SymbolTable::<init> @ 98 (536 bytes)

Stack: [0x000000d89e900000,0x000000d89ea00000]
Native frames: (J=compiled Java code, j=interpreted, Vv=VM code, C=native code)
V  [jvm.dll+0x67d2c9]
V  [jvm.dll+0x834afa]
V  [jvm.dll+0x8365be]
V  [jvm.dll+0x836c23]
V  [jvm.dll+0x2477ff]
V  [jvm.dll+0xac514]
V  [jvm.dll+0xacb5c]
V  [jvm.dll+0x2af25c]
V  [jvm.dll+0x584b67]
V  [jvm.dll+0x2228a2]
V  [jvm.dll+0x222c8f]
V  [jvm.dll+0x21bdb6]
V  [jvm.dll+0x219201]
V  [jvm.dll+0x1a502d]
V  [jvm.dll+0x2290de]
V  [jvm.dll+0x2272ac]
V  [jvm.dll+0x7e9bb7]
V  [jvm.dll+0x7e3fba]
V  [jvm.dll+0x67c1b5]
C  [ucrtbase.dll+0x21bb2]
C  [KERNEL32.DLL+0x17344]
C  [ntdll.dll+0x526b1]


---------------  P R O C E S S  ---------------

Threads class SMR info:
_java_thread_list=0x000002145eb8f8f0, length=29, elements={
0x0000021440c26460, 0x0000021456a0c1c0, 0x0000021456a0d930, 0x0000021440cd9f10,
0x0000021440cda9e0, 0x0000021440cdb4b0, 0x0000021440cddd90, 0x000002145bd4b690,
0x000002145bd4bfa0, 0x000002145bd4d050, 0x000002145be8b5a0, 0x000002145bef0a50,
0x000002145c0de4e0, 0x000002145d3f65b0, 0x000002145d450a00, 0x000002145d733fe0,
0x000002145cffef10, 0x000002145d81e840, 0x000002145d7609d0, 0x000002145d75ffb0,
0x000002145d762320, 0x000002145d75faa0, 0x000002145d7604c0, 0x000002145d75f080,
0x000002145d761900, 0x000002145d75f590, 0x000002145d3aa950, 0x000002145ea52fc0,
0x000002145ea4c060
}

Java Threads: ( => current thread )
  0x0000021440c26460 JavaThread "main" [_thread_blocked, id=9684, stack(0x000000d89dc00000,0x000000d89dd00000)]
  0x0000021456a0c1c0 JavaThread "Reference Handler" daemon [_thread_blocked, id=7536, stack(0x000000d89df00000,0x000000d89e000000)]
  0x0000021456a0d930 JavaThread "Finalizer" daemon [_thread_blocked, id=16388, stack(0x000000d89e000000,0x000000d89e100000)]
  0x0000021440cd9f10 JavaThread "Signal Dispatcher" daemon [_thread_blocked, id=15960, stack(0x000000d89e100000,0x000000d89e200000)]
  0x0000021440cda9e0 JavaThread "Attach Listener" daemon [_thread_blocked, id=1796, stack(0x000000d89e200000,0x000000d89e300000)]
  0x0000021440cdb4b0 JavaThread "Service Thread" daemon [_thread_blocked, id=20100, stack(0x000000d89e300000,0x000000d89e400000)]
  0x0000021440cddd90 JavaThread "Monitor Deflation Thread" daemon [_thread_blocked, id=18992, stack(0x000000d89e400000,0x000000d89e500000)]
  0x000002145bd4b690 JavaThread "C2 CompilerThread0" daemon [_thread_in_native, id=13364, stack(0x000000d89e500000,0x000000d89e600000)]
  0x000002145bd4bfa0 JavaThread "C1 CompilerThread0" daemon [_thread_in_native, id=17432, stack(0x000000d89e600000,0x000000d89e700000)]
  0x000002145bd4d050 JavaThread "Sweeper thread" daemon [_thread_blocked, id=16600, stack(0x000000d89e700000,0x000000d89e800000)]
  0x000002145be8b5a0 JavaThread "Common-Cleaner" daemon [_thread_blocked, id=11340, stack(0x000000d89e800000,0x000000d89e900000)]
=>0x000002145bef0a50 JavaThread "C2 CompilerThread1" daemon [_thread_in_native, id=10196, stack(0x000000d89e900000,0x000000d89ea00000)]
  0x000002145c0de4e0 JavaThread "Notification Thread" daemon [_thread_blocked, id=18988, stack(0x000000d89ea00000,0x000000d89eb00000)]
  0x000002145d3f65b0 JavaThread "Active Thread: Equinox Container: f6be756b-73a3-4c46-8427-d4696105c8b2" [_thread_blocked, id=8056, stack(0x000000d89f300000,0x000000d89f400000)]
  0x000002145d450a00 JavaThread "Framework Event Dispatcher: Equinox Container: f6be756b-73a3-4c46-8427-d4696105c8b2" daemon [_thread_blocked, id=18296, stack(0x000000d89f400000,0x000000d89f500000)]
  0x000002145d733fe0 JavaThread "Start Level: Equinox Container: f6be756b-73a3-4c46-8427-d4696105c8b2" daemon [_thread_blocked, id=16664, stack(0x000000d89f500000,0x000000d89f600000)]
  0x000002145cffef10 JavaThread "SCR Component Actor" daemon [_thread_blocked, id=408, stack(0x000000d89f600000,0x000000d89f700000)]
  0x000002145d81e840 JavaThread "SCR Component Registry" daemon [_thread_blocked, id=15424, stack(0x000000d89f800000,0x000000d89f900000)]
  0x000002145d7609d0 JavaThread "Worker-JM" [_thread_blocked, id=1808, stack(0x000000d89ec00000,0x000000d89ed00000)]
  0x000002145d75ffb0 JavaThread "Worker-0" [_thread_blocked, id=12220, stack(0x000000d89f900000,0x000000d89fa00000)]
  0x000002145d762320 JavaThread "Worker-1" [_thread_blocked, id=8172, stack(0x000000d89fa00000,0x000000d89fb00000)]
  0x000002145d75faa0 JavaThread "Worker-2" [_thread_blocked, id=7024, stack(0x000000d89fb00000,0x000000d89fc00000)]
  0x000002145d7604c0 JavaThread "JNA Cleaner" daemon [_thread_blocked, id=10956, stack(0x000000d89fc00000,0x000000d89fd00000)]
  0x000002145d75f080 JavaThread "pool-2-thread-1" [_thread_blocked, id=12692, stack(0x000000d89fd00000,0x000000d89fe00000)]
  0x000002145d761900 JavaThread "WorkspaceEventsHandler" [_thread_blocked, id=18816, stack(0x000000d89fe00000,0x000000d89ff00000)]
  0x000002145d75f590 JavaThread "pool-1-thread-1" [_thread_in_vm, id=10132, stack(0x000000d89ff00000,0x000000d8a0000000)]
  0x000002145d3aa950 JavaThread "C2 CompilerThread2" daemon [_thread_in_native, id=11240, stack(0x000000d8a0000000,0x000000d8a0100000)]
  0x000002145ea52fc0 JavaThread "ForkJoinPool.commonPool-worker-1" daemon [_thread_blocked, id=20920, stack(0x000000d8a0100000,0x000000d8a0200000)]
  0x000002145ea4c060 JavaThread "ForkJoinPool.commonPool-worker-2" daemon [_thread_in_Java, id=9288, stack(0x000000d8a0200000,0x000000d8a0300000)]

Other Threads:
  0x000002145bd00c20 VMThread "VM Thread" [stack: 0x000000d89de00000,0x000000d89df00000] [id=1424]
  0x000002145c0dec10 WatcherThread [stack: 0x000000d89eb00000,0x000000d89ec00000] [id=22308]
  0x0000021440c3a080 GCTaskThread "GC Thread#0" [stack: 0x000000d89dd00000,0x000000d89de00000] [id=16276]
  0x000002145d6388e0 GCTaskThread "GC Thread#1" [stack: 0x000000d89ed00000,0x000000d89ee00000] [id=14232]
  0x000002145c0ca500 GCTaskThread "GC Thread#2" [stack: 0x000000d89ee00000,0x000000d89ef00000] [id=22452]
  0x000002145c0cabd0 GCTaskThread "GC Thread#3" [stack: 0x000000d89ef00000,0x000000d89f000000] [id=19368]
  0x000002145c0abd70 GCTaskThread "GC Thread#4" [stack: 0x000000d89f000000,0x000000d89f100000] [id=20088]
  0x000002145c0ac030 GCTaskThread "GC Thread#5" [stack: 0x000000d89f100000,0x000000d89f200000] [id=13604]
  0x000002145c0ac2f0 GCTaskThread "GC Thread#6" [stack: 0x000000d89f200000,0x000000d89f300000] [id=4688]
  0x000002145d76d270 GCTaskThread "GC Thread#7" [stack: 0x000000d89f700000,0x000000d89f800000] [id=20500]

Threads with active compile tasks:
C2 CompilerThread0     4539 4214       4       org.lombokweb.asm.ClassReader::readMethod (1066 bytes)
C1 CompilerThread0     4539 4216       3       org.lombokweb.asm.ClassReader::readCode (5117 bytes)
C2 CompilerThread1     4539 4194 %     4       org.lombokweb.asm.SymbolTable::<init> @ 98 (536 bytes)
C2 CompilerThread2     4539 4072   !   4       org.eclipse.osgi.internal.loader.classpath.ClasspathManager::findLocalClass (210 bytes)

VM state: not at safepoint (normal execution)

VM Mutex/Monitor currently owned by a thread:  ([mutex/lock_event])
[0x0000021440c1fd80] Metaspace_lock - owner thread: 0x000002145d75f590

Heap address: 0x00000000c0000000, size: 1024 MB, Compressed Oops mode: 32-bit

CDS archive(s) not mapped
Compressed class space mapped at: 0x0000000100000000-0x0000000140000000, reserved size: 1073741824
Narrow klass base: 0x0000000000000000, Narrow klass shift: 3, Narrow klass range: 0x140000000

GC Precious Log:
 CPUs: 8 total, 8 available
 Memory: 16140M
 Large Page Support: Disabled
 NUMA Support: Disabled
 Compressed Oops: Enabled (32-bit)
 Alignments: Space 512K, Generation 512K, Heap 2M
 Heap Min Capacity: 100M
 Heap Initial Capacity: 100M
 Heap Max Capacity: 1G
 Pre-touch: Disabled
 Parallel Workers: 8

Heap:
 PSYoungGen      total 23040K, used 15552K [0x00000000eab00000, 0x00000000ec400000, 0x0000000100000000)
  eden space 21504K, 65% used [0x00000000eab00000,0x00000000eb8b1848,0x00000000ec000000)
  from space 1536K, 99% used [0x00000000ec200000,0x00000000ec37ea40,0x00000000ec380000)
  to   space 2048K, 0% used [0x00000000ec000000,0x00000000ec000000,0x00000000ec200000)
 ParOldGen       total 68608K, used 27032K [0x00000000c0000000, 0x00000000c4300000, 0x00000000eab00000)
  object space 68608K, 39% used [0x00000000c0000000,0x00000000c1a66328,0x00000000c4300000)
 Metaspace       used 42154K, committed 42944K, reserved 1114112K
  class space    used 4318K, committed 4672K, reserved 1048576K

Card table byte_map: [0x0000021454280000,0x0000021454490000] _byte_map_base: 0x0000021453c80000

Marking Bits: (ParMarkBitMap*) 0x00007ffa503ad7d0
 Begin Bits: [0x00000214545f0000, 0x00000214555f0000)
 End Bits:   [0x00000214555f0000, 0x00000214565f0000)

Polling page: 0x0000021440ce0000

Metaspace:

Usage:
  Non-class:     36.95 MB used.
      Class:      4.22 MB used.
       Both:     41.17 MB used.

Virtual space:
  Non-class space:       64.00 MB reserved,      37.38 MB ( 58%) committed,  1 nodes.
      Class space:        1.00 GB reserved,       4.56 MB ( <1%) committed,  1 nodes.
             Both:        1.06 GB reserved,      41.94 MB (  4%) committed. 

Chunk freelists:
   Non-Class:  10.42 MB
       Class:  11.48 MB
        Both:  21.90 MB

MaxMetaspaceSize: unlimited
CompressedClassSpaceSize: 1.00 GB
Initial GC threshold: 21.00 MB
Current GC threshold: 58.38 MB
CDS: off
MetaspaceReclaimPolicy: balanced
 - commit_granule_bytes: 65536.
 - commit_granule_words: 8192.
 - virtual_space_node_default_size: 8388608.
 - enlarge_chunks_in_place: 1.
 - new_chunks_are_fully_committed: 0.
 - uncommit_free_chunks: 1.
 - use_allocation_guard: 0.
 - handle_deallocations: 1.


Internal statistics:

num_allocs_failed_limit: 6.
num_arena_births: 378.
num_arena_deaths: 14.
num_vsnodes_births: 2.
num_vsnodes_deaths: 0.
num_space_committed: 671.
num_space_uncommitted: 0.
num_chunks_returned_to_freelist: 20.
num_chunks_taken_from_freelist: 1732.
num_chunk_merges: 8.
num_chunk_splits: 1127.
num_chunks_enlarged: 757.
num_inconsistent_stats: 0.

CodeHeap 'non-profiled nmethods': size=120000Kb used=2209Kb max_used=2209Kb free=117790Kb
 bounds [0x000002144cb60000, 0x000002144cdd0000, 0x0000021454090000]
CodeHeap 'profiled nmethods': size=120000Kb used=8549Kb max_used=8549Kb free=111450Kb
 bounds [0x0000021445090000, 0x00000214458f0000, 0x000002144c5c0000]
CodeHeap 'non-nmethods': size=5760Kb used=1313Kb max_used=1338Kb free=4446Kb
 bounds [0x000002144c5c0000, 0x000002144c830000, 0x000002144cb60000]
 total_blobs=4837 nmethods=4205 adapters=546
 compilation: enabled
              stopped_count=0, restarted_count=0
 full_count=0

Compilation events (20 events):
Event: 4.507 Thread 0x000002145bd4bfa0 nmethod 4205 0x00000214458e2c90 code [0x00000214458e30a0, 0x00000214458e4a58]
Event: 4.510 Thread 0x000002145bd4bfa0 4206       3       org.lombokweb.asm.SymbolTable::addConstantMethodHandle (41 bytes)
Event: 4.511 Thread 0x000002145bd4bfa0 nmethod 4206 0x00000214458e5590 code [0x00000214458e5780, 0x00000214458e5b28]
Event: 4.511 Thread 0x000002145bd4bfa0 4207       3       org.lombokweb.asm.MethodWriter::visitTypeInsn (116 bytes)
Event: 4.512 Thread 0x000002145bd4bfa0 nmethod 4207 0x00000214458e5e10 code [0x00000214458e6000, 0x00000214458e6488]
Event: 4.512 Thread 0x000002145bd4bfa0 4209       3       java.util.regex.Pattern$Prolog::match (11 bytes)
Event: 4.512 Thread 0x000002145bd4bfa0 nmethod 4209 0x00000214458e6690 code [0x00000214458e6840, 0x00000214458e69a8]
Event: 4.512 Thread 0x000002145bd4bfa0 4210       3       java.util.regex.Pattern$Loop::matchInit (156 bytes)
Event: 4.512 Thread 0x000002145bd4b690 nmethod 4204 0x000002144cd86890 code [0x000002144cd86a40, 0x000002144cd87188]
Event: 4.512 Thread 0x000002145bd4b690 4198       4       java.util.regex.Pattern$CharPropertyGreedy::match (160 bytes)
Event: 4.512 Thread 0x000002145bd4bfa0 nmethod 4210 0x00000214458e6a90 code [0x00000214458e6cc0, 0x00000214458e75a8]
Event: 4.513 Thread 0x000002145bd4bfa0 4211       3       java.util.regex.IntHashSet::<init> (42 bytes)
Event: 4.513 Thread 0x000002145bd4bfa0 nmethod 4211 0x00000214458e7910 code [0x00000214458e7ac0, 0x00000214458e7e18]
Event: 4.513 Thread 0x000002145bd4bfa0 4212       3       java.util.Arrays$ArrayList::iterator (12 bytes)
Event: 4.513 Thread 0x000002145bd4bfa0 nmethod 4212 0x00000214458e7f10 code [0x00000214458e80c0, 0x00000214458e82f8]
Event: 4.513 Thread 0x000002145bd4bfa0 4213       3       lombok.patcher.Hook::getMethodDescriptor (80 bytes)
Event: 4.514 Thread 0x000002145bd4bfa0 nmethod 4213 0x00000214458e8410 code [0x00000214458e86c0, 0x00000214458e9198]
Event: 4.516 Thread 0x000002145bd4bfa0 4216       3       org.lombokweb.asm.ClassReader::readCode (5117 bytes)
Event: 4.521 Thread 0x000002145bd4b690 nmethod 4198 0x000002144cd87610 code [0x000002144cd877e0, 0x000002144cd87f58]
Event: 4.521 Thread 0x000002145bd4b690 4214       4       org.lombokweb.asm.ClassReader::readMethod (1066 bytes)

GC Heap History (20 events):
Event: 3.162 GC heap before
{Heap before GC invocations=11 (full 2):
 PSYoungGen      total 27648K, used 4050K [0x00000000eab00000, 0x00000000ecb00000, 0x0000000100000000)
  eden space 23552K, 0% used [0x00000000eab00000,0x00000000eab00000,0x00000000ec200000)
  from space 4096K, 98% used [0x00000000ec200000,0x00000000ec5f4810,0x00000000ec600000)
  to   space 4608K, 0% used [0x00000000ec680000,0x00000000ec680000,0x00000000ecb00000)
 ParOldGen       total 68608K, used 9925K [0x00000000c0000000, 0x00000000c4300000, 0x00000000eab00000)
  object space 68608K, 14% used [0x00000000c0000000,0x00000000c09b15a0,0x00000000c4300000)
 Metaspace       used 35123K, committed 35840K, reserved 1114112K
  class space    used 3548K, committed 3840K, reserved 1048576K
}
Event: 3.178 GC heap after
{Heap after GC invocations=11 (full 2):
 PSYoungGen      total 27648K, used 0K [0x00000000eab00000, 0x00000000ecb00000, 0x0000000100000000)
  eden space 23552K, 0% used [0x00000000eab00000,0x00000000eab00000,0x00000000ec200000)
  from space 4096K, 0% used [0x00000000ec200000,0x00000000ec200000,0x00000000ec600000)
  to   space 4608K, 0% used [0x00000000ec680000,0x00000000ec680000,0x00000000ecb00000)
 ParOldGen       total 68608K, used 12873K [0x00000000c0000000, 0x00000000c4300000, 0x00000000eab00000)
  object space 68608K, 18% used [0x00000000c0000000,0x00000000c0c92550,0x00000000c4300000)
 Metaspace       used 35123K, committed 35840K, reserved 1114112K
  class space    used 3548K, committed 3840K, reserved 1048576K
}
Event: 3.368 GC heap before
{Heap before GC invocations=12 (full 2):
 PSYoungGen      total 27648K, used 23552K [0x00000000eab00000, 0x00000000ecb00000, 0x0000000100000000)
  eden space 23552K, 100% used [0x00000000eab00000,0x00000000ec200000,0x00000000ec200000)
  from space 4096K, 0% used [0x00000000ec200000,0x00000000ec200000,0x00000000ec600000)
  to   space 4608K, 0% used [0x00000000ec680000,0x00000000ec680000,0x00000000ecb00000)
 ParOldGen       total 68608K, used 12873K [0x00000000c0000000, 0x00000000c4300000, 0x00000000eab00000)
  object space 68608K, 18% used [0x00000000c0000000,0x00000000c0c92550,0x00000000c4300000)
 Metaspace       used 36940K, committed 37696K, reserved 1114112K
  class space    used 3763K, committed 4096K, reserved 1048576K
}
Event: 3.369 GC heap after
{Heap after GC invocations=12 (full 2):
 PSYoungGen      total 25088K, used 2016K [0x00000000eab00000, 0x00000000ec880000, 0x0000000100000000)
  eden space 23040K, 0% used [0x00000000eab00000,0x00000000eab00000,0x00000000ec180000)
  from space 2048K, 98% used [0x00000000ec680000,0x00000000ec878040,0x00000000ec880000)
  to   space 3072K, 0% used [0x00000000ec280000,0x00000000ec280000,0x00000000ec580000)
 ParOldGen       total 68608K, used 12881K [0x00000000c0000000, 0x00000000c4300000, 0x00000000eab00000)
  object space 68608K, 18% used [0x00000000c0000000,0x00000000c0c94550,0x00000000c4300000)
 Metaspace       used 36940K, committed 37696K, reserved 1114112K
  class space    used 3763K, committed 4096K, reserved 1048576K
}
Event: 3.472 GC heap before
{Heap before GC invocations=13 (full 2):
 PSYoungGen      total 25088K, used 25056K [0x00000000eab00000, 0x00000000ec880000, 0x0000000100000000)
  eden space 23040K, 100% used [0x00000000eab00000,0x00000000ec180000,0x00000000ec180000)
  from space 2048K, 98% used [0x00000000ec680000,0x00000000ec878040,0x00000000ec880000)
  to   space 3072K, 0% used [0x00000000ec280000,0x00000000ec280000,0x00000000ec580000)
 ParOldGen       total 68608K, used 12881K [0x00000000c0000000, 0x00000000c4300000, 0x00000000eab00000)
  object space 68608K, 18% used [0x00000000c0000000,0x00000000c0c94550,0x00000000c4300000)
 Metaspace       used 37121K, committed 37824K, reserved 1114112K
  class space    used 3782K, committed 4096K, reserved 1048576K
}
Event: 3.475 GC heap after
{Heap after GC invocations=13 (full 2):
 PSYoungGen      total 24576K, used 1952K [0x00000000eab00000, 0x00000000ec700000, 0x0000000100000000)
  eden space 22528K, 0% used [0x00000000eab00000,0x00000000eab00000,0x00000000ec100000)
  from space 2048K, 95% used [0x00000000ec280000,0x00000000ec468010,0x00000000ec480000)
  to   space 2560K, 0% used [0x00000000ec480000,0x00000000ec480000,0x00000000ec700000)
 ParOldGen       total 68608K, used 14771K [0x00000000c0000000, 0x00000000c4300000, 0x00000000eab00000)
  object space 68608K, 21% used [0x00000000c0000000,0x00000000c0e6cf30,0x00000000c4300000)
 Metaspace       used 37121K, committed 37824K, reserved 1114112K
  class space    used 3782K, committed 4096K, reserved 1048576K
}
Event: 3.561 GC heap before
{Heap before GC invocations=14 (full 2):
 PSYoungGen      total 24576K, used 24480K [0x00000000eab00000, 0x00000000ec700000, 0x0000000100000000)
  eden space 22528K, 100% used [0x00000000eab00000,0x00000000ec100000,0x00000000ec100000)
  from space 2048K, 95% used [0x00000000ec280000,0x00000000ec468010,0x00000000ec480000)
  to   space 2560K, 0% used [0x00000000ec480000,0x00000000ec480000,0x00000000ec700000)
 ParOldGen       total 68608K, used 14771K [0x00000000c0000000, 0x00000000c4300000, 0x00000000eab00000)
  object space 68608K, 21% used [0x00000000c0000000,0x00000000c0e6cf30,0x00000000c4300000)
 Metaspace       used 37198K, committed 37952K, reserved 1114112K
  class space    used 3794K, committed 4160K, reserved 1048576K
}
Event: 3.565 GC heap after
{Heap after GC invocations=14 (full 2):
 PSYoungGen      total 24064K, used 2016K [0x00000000eab00000, 0x00000000ec680000, 0x0000000100000000)
  eden space 22016K, 0% used [0x00000000eab00000,0x00000000eab00000,0x00000000ec080000)
  from space 2048K, 98% used [0x00000000ec480000,0x00000000ec678010,0x00000000ec680000)
  to   space 2048K, 0% used [0x00000000ec280000,0x00000000ec280000,0x00000000ec480000)
 ParOldGen       total 68608K, used 16619K [0x00000000c0000000, 0x00000000c4300000, 0x00000000eab00000)
  object space 68608K, 24% used [0x00000000c0000000,0x00000000c103af30,0x00000000c4300000)
 Metaspace       used 37198K, committed 37952K, reserved 1114112K
  class space    used 3794K, committed 4160K, reserved 1048576K
}
Event: 3.603 GC heap before
{Heap before GC invocations=15 (full 2):
 PSYoungGen      total 24064K, used 24032K [0x00000000eab00000, 0x00000000ec680000, 0x0000000100000000)
  eden space 22016K, 100% used [0x00000000eab00000,0x00000000ec080000,0x00000000ec080000)
  from space 2048K, 98% used [0x00000000ec480000,0x00000000ec678010,0x00000000ec680000)
  to   space 2048K, 0% used [0x00000000ec280000,0x00000000ec280000,0x00000000ec480000)
 ParOldGen       total 68608K, used 16619K [0x00000000c0000000, 0x00000000c4300000, 0x00000000eab00000)
  object space 68608K, 24% used [0x00000000c0000000,0x00000000c103af30,0x00000000c4300000)
 Metaspace       used 37199K, committed 37952K, reserved 1114112K
  class space    used 3794K, committed 4160K, reserved 1048576K
}
Event: 3.606 GC heap after
{Heap after GC invocations=15 (full 2):
 PSYoungGen      total 24064K, used 2016K [0x00000000eab00000, 0x00000000ec500000, 0x0000000100000000)
  eden space 22016K, 0% used [0x00000000eab00000,0x00000000eab00000,0x00000000ec080000)
  from space 2048K, 98% used [0x00000000ec280000,0x00000000ec478000,0x00000000ec480000)
  to   space 512K, 0% used [0x00000000ec480000,0x00000000ec480000,0x00000000ec500000)
 ParOldGen       total 68608K, used 18529K [0x00000000c0000000, 0x00000000c4300000, 0x00000000eab00000)
  object space 68608K, 27% used [0x00000000c0000000,0x00000000c1218600,0x00000000c4300000)
 Metaspace       used 37199K, committed 37952K, reserved 1114112K
  class space    used 3794K, committed 4160K, reserved 1048576K
}
Event: 3.636 GC heap before
{Heap before GC invocations=16 (full 2):
 PSYoungGen      total 24064K, used 24032K [0x00000000eab00000, 0x00000000ec500000, 0x0000000100000000)
  eden space 22016K, 100% used [0x00000000eab00000,0x00000000ec080000,0x00000000ec080000)
  from space 2048K, 98% used [0x00000000ec280000,0x00000000ec478000,0x00000000ec480000)
  to   space 512K, 0% used [0x00000000ec480000,0x00000000ec480000,0x00000000ec500000)
 ParOldGen       total 68608K, used 18529K [0x00000000c0000000, 0x00000000c4300000, 0x00000000eab00000)
  object space 68608K, 27% used [0x00000000c0000000,0x00000000c1218600,0x00000000c4300000)
 Metaspace       used 37199K, committed 37952K, reserved 1114112K
  class space    used 3794K, committed 4160K, reserved 1048576K
}
Event: 3.640 GC heap after
{Heap after GC invocations=16 (full 2):
 PSYoungGen      total 22016K, used 512K [0x00000000eab00000, 0x00000000ec980000, 0x0000000100000000)
  eden space 21504K, 0% used [0x00000000eab00000,0x00000000eab00000,0x00000000ec000000)
  from space 512K, 100% used [0x00000000ec480000,0x00000000ec500000,0x00000000ec500000)
  to   space 4608K, 0% used [0x00000000ec000000,0x00000000ec000000,0x00000000ec480000)
 ParOldGen       total 68608K, used 22153K [0x00000000c0000000, 0x00000000c4300000, 0x00000000eab00000)
  object space 68608K, 32% used [0x00000000c0000000,0x00000000c15a2610,0x00000000c4300000)
 Metaspace       used 37199K, committed 37952K, reserved 1114112K
  class space    used 3794K, committed 4160K, reserved 1048576K
}
Event: 3.671 GC heap before
{Heap before GC invocations=17 (full 2):
 PSYoungGen      total 22016K, used 22016K [0x00000000eab00000, 0x00000000ec980000, 0x0000000100000000)
  eden space 21504K, 100% used [0x00000000eab00000,0x00000000ec000000,0x00000000ec000000)
  from space 512K, 100% used [0x00000000ec480000,0x00000000ec500000,0x00000000ec500000)
  to   space 4608K, 0% used [0x00000000ec000000,0x00000000ec000000,0x00000000ec480000)
 ParOldGen       total 68608K, used 22153K [0x00000000c0000000, 0x00000000c4300000, 0x00000000eab00000)
  object space 68608K, 32% used [0x00000000c0000000,0x00000000c15a2610,0x00000000c4300000)
 Metaspace       used 37199K, committed 37952K, reserved 1114112K
  class space    used 3794K, committed 4160K, reserved 1048576K
}
Event: 3.674 GC heap after
{Heap after GC invocations=17 (full 2):
 PSYoungGen      total 23552K, used 1920K [0x00000000eab00000, 0x00000000ec600000, 0x0000000100000000)
  eden space 21504K, 0% used [0x00000000eab00000,0x00000000eab00000,0x00000000ec000000)
  from space 2048K, 93% used [0x00000000ec000000,0x00000000ec1e0000,0x00000000ec200000)
  to   space 3072K, 0% used [0x00000000ec300000,0x00000000ec300000,0x00000000ec600000)
 ParOldGen       total 68608K, used 22697K [0x00000000c0000000, 0x00000000c4300000, 0x00000000eab00000)
  object space 68608K, 33% used [0x00000000c0000000,0x00000000c162a610,0x00000000c4300000)
 Metaspace       used 37199K, committed 37952K, reserved 1114112K
  class space    used 3794K, committed 4160K, reserved 1048576K
}
Event: 4.033 GC heap before
{Heap before GC invocations=18 (full 2):
 PSYoungGen      total 23552K, used 23424K [0x00000000eab00000, 0x00000000ec600000, 0x0000000100000000)
  eden space 21504K, 100% used [0x00000000eab00000,0x00000000ec000000,0x00000000ec000000)
  from space 2048K, 93% used [0x00000000ec000000,0x00000000ec1e0000,0x00000000ec200000)
  to   space 3072K, 0% used [0x00000000ec300000,0x00000000ec300000,0x00000000ec600000)
 ParOldGen       total 68608K, used 22697K [0x00000000c0000000, 0x00000000c4300000, 0x00000000eab00000)
  object space 68608K, 33% used [0x00000000c0000000,0x00000000c162a610,0x00000000c4300000)
 Metaspace       used 39208K, committed 40000K, reserved 1114112K
  class space    used 3995K, committed 4352K, reserved 1048576K
}
Event: 4.035 GC heap after
{Heap after GC invocations=18 (full 2):
 PSYoungGen      total 23552K, used 1927K [0x00000000eab00000, 0x00000000ec500000, 0x0000000100000000)
  eden space 21504K, 0% used [0x00000000eab00000,0x00000000eab00000,0x00000000ec000000)
  from space 2048K, 94% used [0x00000000ec300000,0x00000000ec4e1d48,0x00000000ec500000)
  to   space 2560K, 0% used [0x00000000ec000000,0x00000000ec000000,0x00000000ec280000)
 ParOldGen       total 68608K, used 24468K [0x00000000c0000000, 0x00000000c4300000, 0x00000000eab00000)
  object space 68608K, 35% used [0x00000000c0000000,0x00000000c17e51e8,0x00000000c4300000)
 Metaspace       used 39208K, committed 40000K, reserved 1114112K
  class space    used 3995K, committed 4352K, reserved 1048576K
}
Event: 4.296 GC heap before
{Heap before GC invocations=19 (full 2):
 PSYoungGen      total 23552K, used 23431K [0x00000000eab00000, 0x00000000ec500000, 0x0000000100000000)
  eden space 21504K, 100% used [0x00000000eab00000,0x00000000ec000000,0x00000000ec000000)
  from space 2048K, 94% used [0x00000000ec300000,0x00000000ec4e1d48,0x00000000ec500000)
  to   space 2560K, 0% used [0x00000000ec000000,0x00000000ec000000,0x00000000ec280000)
 ParOldGen       total 68608K, used 24468K [0x00000000c0000000, 0x00000000c4300000, 0x00000000eab00000)
  object space 68608K, 35% used [0x00000000c0000000,0x00000000c17e51e8,0x00000000c4300000)
 Metaspace       used 40618K, committed 41408K, reserved 1114112K
  class space    used 4187K, committed 4544K, reserved 1048576K
}
Event: 4.297 GC heap after
{Heap after GC invocations=19 (full 2):
 PSYoungGen      total 22528K, used 864K [0x00000000eab00000, 0x00000000ec380000, 0x0000000100000000)
  eden space 21504K, 0% used [0x00000000eab00000,0x00000000eab00000,0x00000000ec000000)
  from space 1024K, 84% used [0x00000000ec000000,0x00000000ec0d8060,0x00000000ec100000)
  to   space 1536K, 0% used [0x00000000ec200000,0x00000000ec200000,0x00000000ec380000)
 ParOldGen       total 68608K, used 26346K [0x00000000c0000000, 0x00000000c4300000, 0x00000000eab00000)
  object space 68608K, 38% used [0x00000000c0000000,0x00000000c19ba918,0x00000000c4300000)
 Metaspace       used 40618K, committed 41408K, reserved 1114112K
  class space    used 4187K, committed 4544K, reserved 1048576K
}
Event: 4.493 GC heap before
{Heap before GC invocations=20 (full 2):
 PSYoungGen      total 22528K, used 22368K [0x00000000eab00000, 0x00000000ec380000, 0x0000000100000000)
  eden space 21504K, 100% used [0x00000000eab00000,0x00000000ec000000,0x00000000ec000000)
  from space 1024K, 84% used [0x00000000ec000000,0x00000000ec0d8060,0x00000000ec100000)
  to   space 1536K, 0% used [0x00000000ec200000,0x00000000ec200000,0x00000000ec380000)
 ParOldGen       total 68608K, used 26346K [0x00000000c0000000, 0x00000000c4300000, 0x00000000eab00000)
  object space 68608K, 38% used [0x00000000c0000000,0x00000000c19ba918,0x00000000c4300000)
 Metaspace       used 41955K, committed 42688K, reserved 1114112K
  class space    used 4302K, committed 4608K, reserved 1048576K
}
Event: 4.494 GC heap after
{Heap after GC invocations=20 (full 2):
 PSYoungGen      total 23040K, used 1530K [0x00000000eab00000, 0x00000000ec400000, 0x0000000100000000)
  eden space 21504K, 0% used [0x00000000eab00000,0x00000000eab00000,0x00000000ec000000)
  from space 1536K, 99% used [0x00000000ec200000,0x00000000ec37ea40,0x00000000ec380000)
  to   space 2048K, 0% used [0x00000000ec000000,0x00000000ec000000,0x00000000ec200000)
 ParOldGen       total 68608K, used 27032K [0x00000000c0000000, 0x00000000c4300000, 0x00000000eab00000)
  object space 68608K, 39% used [0x00000000c0000000,0x00000000c1a66328,0x00000000c4300000)
 Metaspace       used 41955K, committed 42688K, reserved 1114112K
  class space    used 4302K, committed 4608K, reserved 1048576K
}

Dll operation events (10 events):
Event: 0.007 Loaded shared library c:\Users\hp\.vscode\extensions\redhat.java-1.28.1-win32-x64\jre\17.0.10-win32-x86_64\bin\java.dll
Event: 0.120 Loaded shared library c:\Users\hp\.vscode\extensions\redhat.java-1.28.1-win32-x64\jre\17.0.10-win32-x86_64\bin\zip.dll
Event: 0.123 Loaded shared library C:\Users\hp\.vscode\extensions\redhat.java-1.28.1-win32-x64\jre\17.0.10-win32-x86_64\bin\instrument.dll
Event: 0.134 Loaded shared library C:\Users\hp\.vscode\extensions\redhat.java-1.28.1-win32-x64\jre\17.0.10-win32-x86_64\bin\net.dll
Event: 0.135 Loaded shared library C:\Users\hp\.vscode\extensions\redhat.java-1.28.1-win32-x64\jre\17.0.10-win32-x86_64\bin\nio.dll
Event: 0.141 Loaded shared library C:\Users\hp\.vscode\extensions\redhat.java-1.28.1-win32-x64\jre\17.0.10-win32-x86_64\bin\zip.dll
Event: 0.154 Loaded shared library C:\Users\hp\.vscode\extensions\redhat.java-1.28.1-win32-x64\jre\17.0.10-win32-x86_64\bin\jimage.dll
Event: 0.194 Loaded shared library c:\Users\hp\.vscode\extensions\redhat.java-1.28.1-win32-x64\jre\17.0.10-win32-x86_64\bin\verify.dll
Event: 1.088 Loaded shared library C:\Users\hp\AppData\Roaming\Code\User\globalStorage\redhat.java\1.28.1\config_ss_win\org.eclipse.equinox.launcher\org.eclipse.equinox.launcher.win32.win32.x86_64_1.2.900.v20240129-1338\eclipse_11900.dll
Event: 2.870 Loaded shared library C:\Users\hp\AppData\Local\Temp\jna-3336\jna16997017562375291799.dll

Deoptimization events (20 events):
Event: 4.510 Thread 0x000002145ea4c060 Uncommon trap: trap_request=0xffffffde fr.pc=0x000002144cc60688 relative=0x0000000000006948
Event: 4.510 Thread 0x000002145ea4c060 Uncommon trap: reason=class_check action=maybe_recompile pc=0x000002144cc60688 method=lombok.patcher.PatchScript$MethodPatcher.visitMethod(ILjava/lang/String;Ljava/lang/String;Ljava/lang/String;[Ljava/lang/String;)Lorg/lombokweb/asm/MethodVisitor; @ 101 c
Event: 4.510 Thread 0x000002145ea4c060 DEOPT PACKING pc=0x000002144cc60688 sp=0x000000d8a02fbd70
Event: 4.510 Thread 0x000002145ea4c060 DEOPT UNPACKING pc=0x000002144c619ea3 sp=0x000000d8a02fbcd8 mode 2
Event: 4.510 Thread 0x000002145ea4c060 Uncommon trap: trap_request=0xffffffde fr.pc=0x000002144cc60688 relative=0x0000000000006948
Event: 4.510 Thread 0x000002145ea4c060 Uncommon trap: reason=class_check action=maybe_recompile pc=0x000002144cc60688 method=lombok.patcher.PatchScript$MethodPatcher.visitMethod(ILjava/lang/String;Ljava/lang/String;Ljava/lang/String;[Ljava/lang/String;)Lorg/lombokweb/asm/MethodVisitor; @ 101 c
Event: 4.510 Thread 0x000002145ea4c060 DEOPT PACKING pc=0x000002144cc60688 sp=0x000000d8a02fbd70
Event: 4.510 Thread 0x000002145ea4c060 DEOPT UNPACKING pc=0x000002144c619ea3 sp=0x000000d8a02fbcd8 mode 2
Event: 4.510 Thread 0x000002145ea4c060 Uncommon trap: trap_request=0xffffffde fr.pc=0x000002144cc60688 relative=0x0000000000006948
Event: 4.510 Thread 0x000002145ea4c060 Uncommon trap: reason=class_check action=maybe_recompile pc=0x000002144cc60688 method=lombok.patcher.PatchScript$MethodPatcher.visitMethod(ILjava/lang/String;Ljava/lang/String;Ljava/lang/String;[Ljava/lang/String;)Lorg/lombokweb/asm/MethodVisitor; @ 101 c
Event: 4.510 Thread 0x000002145ea4c060 DEOPT PACKING pc=0x000002144cc60688 sp=0x000000d8a02fbd70
Event: 4.511 Thread 0x000002145ea4c060 DEOPT UNPACKING pc=0x000002144c619ea3 sp=0x000000d8a02fbcd8 mode 2
Event: 4.511 Thread 0x000002145ea4c060 Uncommon trap: trap_request=0xffffffde fr.pc=0x000002144cc60688 relative=0x0000000000006948
Event: 4.511 Thread 0x000002145ea4c060 Uncommon trap: reason=class_check action=maybe_recompile pc=0x000002144cc60688 method=lombok.patcher.PatchScript$MethodPatcher.visitMethod(ILjava/lang/String;Ljava/lang/String;Ljava/lang/String;[Ljava/lang/String;)Lorg/lombokweb/asm/MethodVisitor; @ 101 c
Event: 4.511 Thread 0x000002145ea4c060 DEOPT PACKING pc=0x000002144cc60688 sp=0x000000d8a02fbd70
Event: 4.511 Thread 0x000002145ea4c060 DEOPT UNPACKING pc=0x000002144c619ea3 sp=0x000000d8a02fbcd8 mode 2
Event: 4.511 Thread 0x000002145ea4c060 Uncommon trap: trap_request=0xffffffde fr.pc=0x000002144cc4c3b0 relative=0x0000000000002a90
Event: 4.511 Thread 0x000002145ea4c060 Uncommon trap: reason=class_check action=maybe_recompile pc=0x000002144cc4c3b0 method=lombok.patcher.PatchScript$MethodPatcher.visitMethod(ILjava/lang/String;Ljava/lang/String;Ljava/lang/String;[Ljava/lang/String;)Lorg/lombokweb/asm/MethodVisitor; @ 101 c
Event: 4.511 Thread 0x000002145ea4c060 DEOPT PACKING pc=0x000002144cc4c3b0 sp=0x000000d8a02fbcd0
Event: 4.511 Thread 0x000002145ea4c060 DEOPT UNPACKING pc=0x000002144c619ea3 sp=0x000000d8a02fbcd8 mode 2

Classes unloaded (7 events):
Event: 1.638 Thread 0x000002145bd00c20 Unloading class 0x000000010021a400 'java/lang/invoke/LambdaForm$MH+0x000000010021a400'
Event: 1.638 Thread 0x000002145bd00c20 Unloading class 0x000000010021a000 'java/lang/invoke/LambdaForm$MH+0x000000010021a000'
Event: 1.638 Thread 0x000002145bd00c20 Unloading class 0x0000000100219c00 'java/lang/invoke/LambdaForm$MH+0x0000000100219c00'
Event: 1.638 Thread 0x000002145bd00c20 Unloading class 0x0000000100219800 'java/lang/invoke/LambdaForm$MH+0x0000000100219800'
Event: 1.638 Thread 0x000002145bd00c20 Unloading class 0x0000000100219400 'java/lang/invoke/LambdaForm$BMH+0x0000000100219400'
Event: 1.638 Thread 0x000002145bd00c20 Unloading class 0x0000000100219000 'java/lang/invoke/LambdaForm$DMH+0x0000000100219000'
Event: 1.638 Thread 0x000002145bd00c20 Unloading class 0x0000000100214400 'java/lang/invoke/LambdaForm$DMH+0x0000000100214400'

Classes redefined (0 events):
No events

Internal exceptions (20 events):
Event: 3.969 Thread 0x000002145d75f590 Exception <a 'sun/nio/fs/WindowsException'{0x00000000ebe2e9c0}> (0x00000000ebe2e9c0) 
thrown [s\src\hotspot\share\prims\jni.cpp, line 516]
Event: 3.970 Thread 0x000002145d75f590 Exception <a 'sun/nio/fs/WindowsException'{0x00000000ebe35cb8}> (0x00000000ebe35cb8) 
thrown [s\src\hotspot\share\prims\jni.cpp, line 516]
Event: 3.980 Thread 0x000002145d75f590 Exception <a 'sun/nio/fs/WindowsException'{0x00000000ebe44d98}> (0x00000000ebe44d98) 
thrown [s\src\hotspot\share\prims\jni.cpp, line 516]
Event: 4.017 Thread 0x000002145d75f590 Exception <a 'sun/nio/fs/WindowsException'{0x00000000ebfeceb0}> (0x00000000ebfeceb0) 
thrown [s\src\hotspot\share\prims\jni.cpp, line 516]
Event: 4.064 Thread 0x000002145d75f590 Exception <a 'sun/nio/fs/WindowsException'{0x00000000eab62928}> (0x00000000eab62928) 
thrown [s\src\hotspot\share\prims\jni.cpp, line 516]
Event: 4.069 Thread 0x000002145d75f590 Exception <a 'sun/nio/fs/WindowsException'{0x00000000eab6abf0}> (0x00000000eab6abf0) 
thrown [s\src\hotspot\share\prims\jni.cpp, line 516]
Event: 4.075 Thread 0x000002145d75f590 Exception <a 'sun/nio/fs/WindowsException'{0x00000000eab98e98}> (0x00000000eab98e98) 
thrown [s\src\hotspot\share\prims\jni.cpp, line 516]
Event: 4.075 Thread 0x000002145d75f590 Exception <a 'sun/nio/fs/WindowsException'{0x00000000eab9ad18}> (0x00000000eab9ad18) 
thrown [s\src\hotspot\share\prims\jni.cpp, line 516]
Event: 4.075 Thread 0x000002145d75f590 Exception <a 'sun/nio/fs/WindowsException'{0x00000000eab9b4c0}> (0x00000000eab9b4c0) 
thrown [s\src\hotspot\share\prims\jni.cpp, line 516]
Event: 4.075 Thread 0x000002145d75f590 Exception <a 'sun/nio/fs/WindowsException'{0x00000000eab9b8c0}> (0x00000000eab9b8c0) 
thrown [s\src\hotspot\share\prims\jni.cpp, line 516]
Event: 4.076 Thread 0x000002145d75f590 Exception <a 'sun/nio/fs/WindowsException'{0x00000000eab9c5c8}> (0x00000000eab9c5c8) 
thrown [s\src\hotspot\share\prims\jni.cpp, line 516]
Event: 4.080 Thread 0x000002145d75f590 Exception <a 'sun/nio/fs/WindowsException'{0x00000000eac04cc0}> (0x00000000eac04cc0) 
thrown [s\src\hotspot\share\prims\jni.cpp, line 516]
Event: 4.096 Thread 0x000002145d75f590 Exception <a 'sun/nio/fs/WindowsException'{0x00000000ead2d1b0}> (0x00000000ead2d1b0) 
thrown [s\src\hotspot\share\prims\jni.cpp, line 516]
Event: 4.098 Thread 0x000002145d75f590 Exception <a 'java/io/FileNotFoundException'{0x00000000ead3b278}> (0x00000000ead3b278) 
thrown [s\src\hotspot\share\prims\jni.cpp, line 516]
Event: 4.099 Thread 0x000002145d75f590 Exception <a 'java/io/FileNotFoundException'{0x00000000ead3c778}> (0x00000000ead3c778) 
thrown [s\src\hotspot\share\prims\jni.cpp, line 516]
Event: 4.103 Thread 0x000002145d75f590 Exception <a 'sun/nio/fs/WindowsException'{0x00000000ead922e0}> (0x00000000ead922e0) 
thrown [s\src\hotspot\share\prims\jni.cpp, line 516]
Event: 4.117 Thread 0x000002145d75f590 Exception <a 'sun/nio/fs/WindowsException'{0x00000000eaeef818}> (0x00000000eaeef818) 
thrown [s\src\hotspot\share\prims\jni.cpp, line 516]
Event: 4.121 Thread 0x000002145ea4c060 Exception <a 'java/lang/LinkageError'{0x00000000eaf70e68}: loader lombok.launch.ShadowClassLoader @4cc0c333 attempted duplicate class definition for lombok.launch.PatchFixesHider$Transform. (lombok.launch.PatchFixesHider$Transform is in unnamed module of loader lombok.launch.ShadowClassLoader @4cc0c333, parent loader org.eclipse.osgi.internal.loader.EquinoxClassLoader @74a336f3)> (0x00000000eaf70e68) 
thrown [s\src\hotspot\share\classfile\systemDictionary.cpp, line 1724]
Event: 4.126 Thread 0x000002145d75f590 Exception <a 'sun/nio/fs/WindowsException'{0x00000000eafca358}> (0x00000000eafca358) 
thrown [s\src\hotspot\share\prims\jni.cpp, line 516]
Event: 4.415 Thread 0x000002145ea52fc0 Implicit null exception at 0x000002144cd7a8cf to 0x000002144cd7b5cc

VM Operations (20 events):
Event: 3.368 Executing VM operation: ParallelGCFailedAllocation
Event: 3.369 Executing VM operation: ParallelGCFailedAllocation done
Event: 3.472 Executing VM operation: ParallelGCFailedAllocation
Event: 3.475 Executing VM operation: ParallelGCFailedAllocation done
Event: 3.561 Executing VM operation: ParallelGCFailedAllocation
Event: 3.565 Executing VM operation: ParallelGCFailedAllocation done
Event: 3.603 Executing VM operation: ParallelGCFailedAllocation
Event: 3.606 Executing VM operation: ParallelGCFailedAllocation done
Event: 3.636 Executing VM operation: ParallelGCFailedAllocation
Event: 3.640 Executing VM operation: ParallelGCFailedAllocation done
Event: 3.671 Executing VM operation: ParallelGCFailedAllocation
Event: 3.674 Executing VM operation: ParallelGCFailedAllocation done
Event: 3.872 Executing VM operation: HandshakeAllThreads
Event: 3.872 Executing VM operation: HandshakeAllThreads done
Event: 4.032 Executing VM operation: ParallelGCFailedAllocation
Event: 4.035 Executing VM operation: ParallelGCFailedAllocation done
Event: 4.296 Executing VM operation: ParallelGCFailedAllocation
Event: 4.297 Executing VM operation: ParallelGCFailedAllocation done
Event: 4.493 Executing VM operation: ParallelGCFailedAllocation
Event: 4.494 Executing VM operation: ParallelGCFailedAllocation done

Events (20 events):
Event: 4.142 loading class java/util/AbstractList$ListItr
Event: 4.142 loading class java/util/AbstractList$ListItr done
Event: 4.191 loading class java/io/DataOutputStream
Event: 4.191 loading class java/io/DataOutputStream done
Event: 4.194 loading class sun/nio/cs/ThreadLocalCoders
Event: 4.195 loading class sun/nio/cs/ThreadLocalCoders done
Event: 4.195 loading class sun/nio/cs/ThreadLocalCoders$1
Event: 4.195 loading class sun/nio/cs/ThreadLocalCoders$Cache
Event: 4.195 loading class sun/nio/cs/ThreadLocalCoders$Cache done
Event: 4.195 loading class sun/nio/cs/ThreadLocalCoders$1 done
Event: 4.195 loading class sun/nio/cs/ThreadLocalCoders$2
Event: 4.195 loading class sun/nio/cs/ThreadLocalCoders$2 done
Event: 4.263 loading class java/util/Vector$1
Event: 4.263 loading class java/util/Vector$1 done
Event: 4.415 loading class java/util/Collections$UnmodifiableSortedSet
Event: 4.415 loading class java/util/Collections$UnmodifiableSortedSet done
Event: 4.447 loading class java/util/regex/Pattern$Caret
Event: 4.447 loading class java/util/regex/Pattern$Caret done
Event: 4.491 loading class java/util/Hashtable$ValueCollection
Event: 4.491 loading class java/util/Hashtable$ValueCollection done


Dynamic libraries:
0x00007ff789d70000 - 0x00007ff789d7e000 	c:\Users\hp\.vscode\extensions\redhat.java-1.28.1-win32-x64\jre\17.0.10-win32-x86_64\bin\java.exe
0x00007ffae64b0000 - 0x00007ffae66a8000 	C:\WINDOWS\SYSTEM32\ntdll.dll
0x00007ffae57b0000 - 0x00007ffae586d000 	C:\WINDOWS\System32\KERNEL32.DLL
0x00007ffae3df0000 - 0x00007ffae40e6000 	C:\WINDOWS\System32\KERNELBASE.dll
0x00007ffae42b0000 - 0x00007ffae43b0000 	C:\WINDOWS\System32\ucrtbase.dll
0x00007ffac37c0000 - 0x00007ffac37d7000 	c:\Users\hp\.vscode\extensions\redhat.java-1.28.1-win32-x64\jre\17.0.10-win32-x86_64\bin\jli.dll
0x00007ffac3680000 - 0x00007ffac369b000 	c:\Users\hp\.vscode\extensions\redhat.java-1.28.1-win32-x64\jre\17.0.10-win32-x86_64\bin\VCRUNTIME140.dll
0x00007ffae5ea0000 - 0x00007ffae603e000 	C:\WINDOWS\System32\USER32.dll
0x00007ffae43b0000 - 0x00007ffae43d2000 	C:\WINDOWS\System32\win32u.dll
0x00007ffae6280000 - 0x00007ffae62ab000 	C:\WINDOWS\System32\GDI32.dll
0x00007ffae4160000 - 0x00007ffae4277000 	C:\WINDOWS\System32\gdi32full.dll
0x00007ffae3bf0000 - 0x00007ffae3c8d000 	C:\WINDOWS\System32\msvcp_win.dll
0x00007ffae3040000 - 0x00007ffae32da000 	C:\WINDOWS\WinSxS\amd64_microsoft.windows.common-controls_6595b64144ccf1df_6.0.19041.3636_none_60b6a03d71f818d5\COMCTL32.dll
0x00007ffae5d30000 - 0x00007ffae5dce000 	C:\WINDOWS\System32\msvcrt.dll
0x00007ffae5680000 - 0x00007ffae56b2000 	C:\WINDOWS\System32\IMM32.DLL
0x00007ffac5d40000 - 0x00007ffac5d4c000 	c:\Users\hp\.vscode\extensions\redhat.java-1.28.1-win32-x64\jre\17.0.10-win32-x86_64\bin\vcruntime140_1.dll
0x00007ffa98710000 - 0x00007ffa9879d000 	c:\Users\hp\.vscode\extensions\redhat.java-1.28.1-win32-x64\jre\17.0.10-win32-x86_64\bin\msvcp140.dll
0x00007ffa4f810000 - 0x00007ffa50472000 	c:\Users\hp\.vscode\extensions\redhat.java-1.28.1-win32-x64\jre\17.0.10-win32-x86_64\bin\server\jvm.dll
0x00007ffae4cd0000 - 0x00007ffae4d80000 	C:\WINDOWS\System32\ADVAPI32.dll
0x00007ffae63d0000 - 0x00007ffae6470000 	C:\WINDOWS\System32\sechost.dll
0x00007ffae6040000 - 0x00007ffae6165000 	C:\WINDOWS\System32\RPCRT4.dll
0x00007ffae4280000 - 0x00007ffae42a7000 	C:\WINDOWS\System32\bcrypt.dll
0x00007ffae3760000 - 0x00007ffae37ab000 	C:\WINDOWS\SYSTEM32\POWRPROF.dll
0x00007ffac55d0000 - 0x00007ffac55d9000 	C:\WINDOWS\SYSTEM32\WSOCK32.dll
0x00007ffac3e50000 - 0x00007ffac3e77000 	C:\WINDOWS\SYSTEM32\WINMM.dll
0x00007ffae5950000 - 0x00007ffae59bb000 	C:\WINDOWS\System32\WS2_32.dll
0x00007ffadc6b0000 - 0x00007ffadc6ba000 	C:\WINDOWS\SYSTEM32\VERSION.dll
0x00007ffae32e0000 - 0x00007ffae32f2000 	C:\WINDOWS\SYSTEM32\UMPDC.dll
0x00007ffae1d30000 - 0x00007ffae1d42000 	C:\WINDOWS\SYSTEM32\kernel.appcore.dll
0x00007ffac5800000 - 0x00007ffac580a000 	c:\Users\hp\.vscode\extensions\redhat.java-1.28.1-win32-x64\jre\17.0.10-win32-x86_64\bin\jimage.dll
0x00007ffae3570000 - 0x00007ffae3754000 	C:\WINDOWS\SYSTEM32\DBGHELP.DLL
0x00007ffae34b0000 - 0x00007ffae34e4000 	C:\WINDOWS\SYSTEM32\dbgcore.DLL
0x00007ffae3b60000 - 0x00007ffae3be2000 	C:\WINDOWS\System32\bcryptPrimitives.dll
0x00007ffac4f50000 - 0x00007ffac4f5e000 	c:\Users\hp\.vscode\extensions\redhat.java-1.28.1-win32-x64\jre\17.0.10-win32-x86_64\bin\instrument.dll
0x00007ffab2fa0000 - 0x00007ffab2fc5000 	c:\Users\hp\.vscode\extensions\redhat.java-1.28.1-win32-x64\jre\17.0.10-win32-x86_64\bin\java.dll
0x00007ffac35e0000 - 0x00007ffac35f8000 	c:\Users\hp\.vscode\extensions\redhat.java-1.28.1-win32-x64\jre\17.0.10-win32-x86_64\bin\zip.dll
0x00007ffae4d80000 - 0x00007ffae54eb000 	C:\WINDOWS\System32\SHELL32.dll
0x00007ffae1580000 - 0x00007ffae1d1e000 	C:\WINDOWS\SYSTEM32\windows.storage.dll
0x00007ffae59c0000 - 0x00007ffae5d13000 	C:\WINDOWS\System32\combase.dll
0x00007ffae2d50000 - 0x00007ffae2d7e000 	C:\WINDOWS\SYSTEM32\Wldp.dll
0x00007ffae5dd0000 - 0x00007ffae5e9d000 	C:\WINDOWS\System32\OLEAUT32.dll
0x00007ffae6320000 - 0x00007ffae63cd000 	C:\WINDOWS\System32\SHCORE.dll
0x00007ffae6170000 - 0x00007ffae61c5000 	C:\WINDOWS\System32\shlwapi.dll
0x00007ffae3a90000 - 0x00007ffae3ab5000 	C:\WINDOWS\SYSTEM32\profapi.dll
0x00007ffac2ba0000 - 0x00007ffac2bb9000 	C:\Users\hp\.vscode\extensions\redhat.java-1.28.1-win32-x64\jre\17.0.10-win32-x86_64\bin\net.dll
0x00007ffade6d0000 - 0x00007ffade7da000 	C:\WINDOWS\SYSTEM32\WINHTTP.dll
0x00007ffae2bc0000 - 0x00007ffae2c2a000 	C:\WINDOWS\system32\mswsock.dll
0x00007ffac0720000 - 0x00007ffac0736000 	C:\Users\hp\.vscode\extensions\redhat.java-1.28.1-win32-x64\jre\17.0.10-win32-x86_64\bin\nio.dll
0x00007ffac2c00000 - 0x00007ffac2c10000 	c:\Users\hp\.vscode\extensions\redhat.java-1.28.1-win32-x64\jre\17.0.10-win32-x86_64\bin\verify.dll
0x00007ffaa5510000 - 0x00007ffaa554e000 	C:\Users\hp\AppData\Roaming\Code\User\globalStorage\redhat.java\1.28.1\config_ss_win\org.eclipse.equinox.launcher\org.eclipse.equinox.launcher.win32.win32.x86_64_1.2.900.v20240129-1338\eclipse_11900.dll
0x00007ffae54f0000 - 0x00007ffae561b000 	C:\WINDOWS\System32\ole32.dll
0x00007ffae38d0000 - 0x00007ffae38e8000 	C:\WINDOWS\SYSTEM32\CRYPTSP.dll
0x00007ffae2520000 - 0x00007ffae2554000 	C:\WINDOWS\system32\rsaenh.dll
0x00007ffae3a10000 - 0x00007ffae3a3e000 	C:\WINDOWS\SYSTEM32\USERENV.dll
0x00007ffae2e80000 - 0x00007ffae2e8c000 	C:\WINDOWS\SYSTEM32\CRYPTBASE.dll
0x00007ffae28e0000 - 0x00007ffae291b000 	C:\WINDOWS\SYSTEM32\IPHLPAPI.DLL
0x00007ffae4c40000 - 0x00007ffae4c48000 	C:\WINDOWS\System32\NSI.dll
0x00007ffadbe10000 - 0x00007ffadbe27000 	C:\WINDOWS\SYSTEM32\dhcpcsvc6.DLL
0x00007ffadc6c0000 - 0x00007ffadc6dd000 	C:\WINDOWS\SYSTEM32\dhcpcsvc.DLL
0x00007ffae2920000 - 0x00007ffae29eb000 	C:\WINDOWS\SYSTEM32\DNSAPI.dll
0x00007ffaa52d0000 - 0x00007ffaa5315000 	C:\Users\hp\AppData\Local\Temp\jna-3336\jna16997017562375291799.dll
0x00007ffae62b0000 - 0x00007ffae62b8000 	C:\WINDOWS\System32\PSAPI.DLL

dbghelp: loaded successfully - version: 4.0.5 - missing functions: none
symbol engine: initialized successfully - sym options: 0x614 - pdb path: .;c:\Users\hp\.vscode\extensions\redhat.java-1.28.1-win32-x64\jre\17.0.10-win32-x86_64\bin;C:\WINDOWS\SYSTEM32;C:\WINDOWS\WinSxS\amd64_microsoft.windows.common-controls_6595b64144ccf1df_6.0.19041.3636_none_60b6a03d71f818d5;c:\Users\hp\.vscode\extensions\redhat.java-1.28.1-win32-x64\jre\17.0.10-win32-x86_64\bin\server;C:\Users\hp\AppData\Roaming\Code\User\globalStorage\redhat.java\1.28.1\config_ss_win\org.eclipse.equinox.launcher\org.eclipse.equinox.launcher.win32.win32.x86_64_1.2.900.v20240129-1338;C:\Users\hp\AppData\Local\Temp\jna-3336

VM Arguments:
jvm_args: --add-modules=ALL-SYSTEM --add-opens=java.base/java.util=ALL-UNNAMED --add-opens=java.base/java.lang=ALL-UNNAMED --add-opens=java.base/sun.nio.fs=ALL-UNNAMED -Declipse.application=org.eclipse.jdt.ls.core.id1 -Dosgi.bundles.defaultStartLevel=4 -Declipse.product=org.eclipse.jdt.ls.core.product -Djava.import.generatesMetadataFilesAtProjectRoot=false -DDetectVMInstallationsJob.disabled=true -Dfile.encoding=utf8 -XX:+UseParallelGC -XX:GCTimeRatio=4 -XX:AdaptiveSizePolicyWeight=90 -Dsun.zip.disableMemoryMapping=true -Xmx1G -Xms100m -Xlog:disable -javaagent:c:\Users\hp\.vscode\extensions\redhat.java-1.28.1-win32-x64\lombok\lombok-1.18.31.jar 
java_command: c:\Users\hp\.vscode\extensions\redhat.java-1.28.1-win32-x64\server\plugins\org.eclipse.equinox.launcher_1.6.700.v20231214-2017.jar -configuration c:\Users\hp\AppData\Roaming\Code\User\globalStorage\redhat.java\1.28.1\config_ss_win -data c:\Users\hp\AppData\Roaming\Code\User\workspaceStorage\fa0451a4dbca9b00d63605a96d92e67f\redhat.java\ss_ws --stdio
java_class_path (initial): c:\Users\hp\.vscode\extensions\redhat.java-1.28.1-win32-x64\server\plugins\org.eclipse.equinox.launcher_1.6.700.v20231214-2017.jar
Launcher Type: SUN_STANDARD

[Global flags]
    uintx AdaptiveSizePolicyWeight                 = 90                                        {product} {command line}
     intx CICompilerCount                          = 4                                         {product} {ergonomic}
    uintx GCTimeRatio                              = 4                                         {product} {command line}
   size_t InitialHeapSize                          = 104857600                                 {product} {command line}
   size_t MaxHeapSize                              = 1073741824                                {product} {command line}
   size_t MaxNewSize                               = 357564416                                 {product} {ergonomic}
   size_t MinHeapDeltaBytes                        = 524288                                    {product} {ergonomic}
   size_t MinHeapSize                              = 104857600                                 {product} {command line}
   size_t NewSize                                  = 34603008                                  {product} {ergonomic}
    uintx NonNMethodCodeHeapSize                   = 5839372                                {pd product} {ergonomic}
    uintx NonProfiledCodeHeapSize                  = 122909434                              {pd product} {ergonomic}
   size_t OldSize                                  = 70254592                                  {product} {ergonomic}
    uintx ProfiledCodeHeapSize                     = 122909434                              {pd product} {ergonomic}
    uintx ReservedCodeCacheSize                    = 251658240                              {pd product} {ergonomic}
     bool SegmentedCodeCache                       = true                                      {product} {ergonomic}
   size_t SoftMaxHeapSize                          = 1073741824                             {manageable} {ergonomic}
     bool UseCompressedClassPointers               = true                           {product lp64_product} {ergonomic}
     bool UseCompressedOops                        = true                           {product lp64_product} {ergonomic}
     bool UseLargePagesIndividualAllocation        = false                                  {pd product} {ergonomic}
     bool UseParallelGC                            = true                                      {product} {command line}

Logging:
Log output configuration:
 #0: stdout all=off uptime,level,tags
 #1: stderr all=off uptime,level,tags

Environment Variables:
JAVA_HOME=C:\Program Files\Java\jdk-19
PATH=C:\Program Files\Common Files\Oracle\Java\javapath;C:\app\hp\product\21c\dbhomeXE\bin;C:\Program Files (x86)\Common Files\Oracle\Java\javapath;C:\WINDOWS\system32;C:\WINDOWS;C:\WINDOWS\System32\Wbem;C:\WINDOWS\System32\WindowsPowerShell\v1.0\;C:\WINDOWS\System32\OpenSSH\;C:\ProgramData\chocolatey\bin;C:\Program Files\Git\cmd;C:\Program Files\nodejs\;C:\Users\hp\AppData\Local\Programs\Python\Python311\Scripts\;C:\Users\hp\AppData\Local\Programs\Python\Python311\;C:\Program Files\MySQL\MySQL Shell 8.0\bin\;C:\Users\hp\AppData\Local\Microsoft\WindowsApps;C:\Users\hp\AppData\Local\Programs\Microsoft VS Code\bin;C:\Program Files\JetBrains\IntelliJ IDEA Community Edition 2022.3\bin;;C:\xampp8\php;C:\Users\hp\AppData\Local\ComposerSetup\bin;C:\Users\hp\AppData\Roaming\Composer\vendor\bin;C:\Users\hp\AppData\Local\Programs\MiKTeX\miktex\bin\x64\;C:\Program Files\JetBrains\IntelliJ IDEA 2023.3.4\bin;;C:\Users\hp\AppData\Roaming\npm
USERNAME=hp
OS=Windows_NT
PROCESSOR_IDENTIFIER=Intel64 Family 6 Model 140 Stepping 1, GenuineIntel
TMP=C:\Users\hp\AppData\Local\Temp
TEMP=C:\Users\hp\AppData\Local\Temp



Periodic native trim disabled


---------------  S Y S T E M  ---------------

OS:
 Windows 10 , 64 bit Build 19041 (10.0.19041.3636)
OS uptime: 0 days 17:45 hours

CPU: total 8 (initial active 8) (4 cores per cpu, 2 threads per core) family 6 model 140 stepping 1 microcode 0x86, cx8, cmov, fxsr, ht, mmx, 3dnowpref, sse, sse2, sse3, ssse3, sse4.1, sse4.2, popcnt, lzcnt, tsc, tscinvbit, avx, avx2, aes, erms, clmul, bmi1, bmi2, adx, avx512f, avx512dq, avx512cd, avx512bw, avx512vl, sha, fma, vzeroupper, avx512_vpopcntdq, avx512_vpclmulqdq, avx512_vaes, avx512_vnni, clflush, clflushopt, clwb, avx512_vbmi2, avx512_vbmi
Processor Information for all 8 processors :
  Max Mhz: 2419, Current Mhz: 2419, Mhz Limit: 2419

Memory: 4k page, system-wide physical 16140M (2821M free)
TotalPageFile size 18188M (AvailPageFile size 5M)
current process WorkingSet (physical memory assigned to process): 189M, peak: 189M
current process commit charge ("private bytes"): 272M, peak: 272M

vm_info: OpenJDK 64-Bit Server VM (17.0.10+7) for windows-amd64 JRE (17.0.10+7), built on Jan 16 2024 23:25:11 by "admin" with MS VC++ 16.10 / 16.11 (VS2019)

END.
